<?xml version="1.0" encoding="UTF-8"?>
<coverage generated="1733140600001" clover="3.2.0">
  <project timestamp="1733140600001" name="All files">
    <metrics statements="634" coveredstatements="634" conditionals="184" coveredconditionals="184" methods="140" coveredmethods="140" elements="958" coveredelements="958" complexity="0" loc="634" ncloc="634" packages="23" files="44" classes="44"/>
    <package name="src">
      <metrics statements="10" coveredstatements="10" conditionals="0" coveredconditionals="0" methods="1" coveredmethods="1"/>
      <file name="App.tsx" path="C:\Users\Michelle Yalaupari\Documents\github\Bootcamp\BOOTCAMPFRONTEND-REACT-NTT\src\App.tsx">
        <metrics statements="10" coveredstatements="10" conditionals="0" coveredconditionals="0" methods="1" coveredmethods="1"/>
        <line num="2" count="1" type="stmt"/>
        <line num="3" count="1" type="stmt"/>
        <line num="4" count="1" type="stmt"/>
        <line num="5" count="1" type="stmt"/>
        <line num="6" count="1" type="stmt"/>
        <line num="7" count="1" type="stmt"/>
        <line num="8" count="1" type="stmt"/>
        <line num="10" count="1" type="stmt"/>
        <line num="11" count="2" type="stmt"/>
        <line num="28" count="1" type="stmt"/>
      </file>
    </package>
    <package name="src.app">
      <metrics statements="3" coveredstatements="3" conditionals="0" coveredconditionals="0" methods="0" coveredmethods="0"/>
      <file name="helper.ts" path="C:\Users\Michelle Yalaupari\Documents\github\Bootcamp\BOOTCAMPFRONTEND-REACT-NTT\src\app\helper.ts">
        <metrics statements="3" coveredstatements="3" conditionals="0" coveredconditionals="0" methods="0" coveredmethods="0"/>
        <line num="1" count="6" type="stmt"/>
        <line num="2" count="6" type="stmt"/>
        <line num="3" count="6" type="stmt"/>
      </file>
    </package>
    <package name="src.app.context">
      <metrics statements="101" coveredstatements="101" conditionals="10" coveredconditionals="10" methods="22" coveredmethods="22"/>
      <file name="cart.tsx" path="C:\Users\Michelle Yalaupari\Documents\github\Bootcamp\BOOTCAMPFRONTEND-REACT-NTT\src\app\context\cart.tsx">
        <metrics statements="25" coveredstatements="25" conditionals="2" coveredconditionals="2" methods="8" coveredmethods="8"/>
        <line num="1" count="5" type="stmt"/>
        <line num="3" count="5" type="stmt"/>
        <line num="4" count="5" type="stmt"/>
        <line num="6" count="5" type="stmt"/>
        <line num="7" count="5" type="stmt"/>
        <line num="9" count="5" type="stmt"/>
        <line num="10" count="28" type="stmt"/>
        <line num="12" count="28" type="stmt"/>
        <line num="13" count="28" type="stmt"/>
        <line num="15" count="28" type="stmt"/>
        <line num="21" count="28" type="stmt"/>
        <line num="23" count="28" type="stmt"/>
        <line num="24" count="14" type="stmt"/>
        <line num="27" count="28" type="stmt"/>
        <line num="36" count="5" type="stmt"/>
        <line num="37" count="23" type="stmt"/>
        <line num="38" count="22" type="cond" truecount="1" falsecount="0"/>
        <line num="39" count="4" type="stmt"/>
        <line num="41" count="18" type="stmt"/>
        <line num="44" count="5" type="stmt"/>
        <line num="45" count="17" type="stmt"/>
        <line num="46" count="16" type="cond" truecount="1" falsecount="0"/>
        <line num="47" count="4" type="stmt"/>
        <line num="49" count="12" type="stmt"/>
        <line num="52" count="5" type="stmt"/>
      </file>
      <file name="client.tsx" path="C:\Users\Michelle Yalaupari\Documents\github\Bootcamp\BOOTCAMPFRONTEND-REACT-NTT\src\app\context\client.tsx">
        <metrics statements="18" coveredstatements="18" conditionals="2" coveredconditionals="2" methods="3" coveredmethods="3"/>
        <line num="1" count="4" type="stmt"/>
        <line num="3" count="4" type="stmt"/>
        <line num="5" count="4" type="stmt"/>
        <line num="6" count="4" type="stmt"/>
        <line num="8" count="4" type="stmt"/>
        <line num="9" count="6" type="stmt"/>
        <line num="11" count="6" type="stmt"/>
        <line num="20" count="4" type="stmt"/>
        <line num="21" count="8" type="stmt"/>
        <line num="22" count="7" type="cond" truecount="1" falsecount="0"/>
        <line num="23" count="4" type="stmt"/>
        <line num="25" count="3" type="stmt"/>
        <line num="28" count="4" type="stmt"/>
        <line num="29" count="6" type="stmt"/>
        <line num="30" count="5" type="cond" truecount="1" falsecount="0"/>
        <line num="31" count="4" type="stmt"/>
        <line num="33" count="1" type="stmt"/>
        <line num="36" count="4" type="stmt"/>
      </file>
      <file name="pagination.tsx" path="C:\Users\Michelle Yalaupari\Documents\github\Bootcamp\BOOTCAMPFRONTEND-REACT-NTT\src\app\context\pagination.tsx">
        <metrics statements="18" coveredstatements="18" conditionals="2" coveredconditionals="2" methods="3" coveredmethods="3"/>
        <line num="1" count="5" type="stmt"/>
        <line num="4" count="5" type="stmt"/>
        <line num="6" count="5" type="stmt"/>
        <line num="7" count="5" type="stmt"/>
        <line num="9" count="5" type="stmt"/>
        <line num="10" count="25" type="stmt"/>
        <line num="12" count="25" type="stmt"/>
        <line num="21" count="5" type="stmt"/>
        <line num="22" count="44" type="stmt"/>
        <line num="23" count="43" type="cond" truecount="1" falsecount="0"/>
        <line num="24" count="4" type="stmt"/>
        <line num="26" count="39" type="stmt"/>
        <line num="29" count="5" type="stmt"/>
        <line num="30" count="44" type="stmt"/>
        <line num="31" count="43" type="cond" truecount="1" falsecount="0"/>
        <line num="32" count="4" type="stmt"/>
        <line num="34" count="39" type="stmt"/>
        <line num="37" count="5" type="stmt"/>
      </file>
      <file name="search.tsx" path="C:\Users\Michelle Yalaupari\Documents\github\Bootcamp\BOOTCAMPFRONTEND-REACT-NTT\src\app\context\search.tsx">
        <metrics statements="18" coveredstatements="18" conditionals="2" coveredconditionals="2" methods="4" coveredmethods="4"/>
        <line num="1" count="5" type="stmt"/>
        <line num="8" count="5" type="stmt"/>
        <line num="9" count="5" type="stmt"/>
        <line num="11" count="5" type="stmt"/>
        <line num="12" count="13" type="stmt"/>
        <line num="14" count="13" type="stmt"/>
        <line num="16" count="13" type="stmt"/>
        <line num="25" count="5" type="stmt"/>
        <line num="26" count="30" type="stmt"/>
        <line num="27" count="28" type="cond" truecount="1" falsecount="0"/>
        <line num="28" count="4" type="stmt"/>
        <line num="30" count="24" type="stmt"/>
        <line num="33" count="5" type="stmt"/>
        <line num="34" count="7" type="stmt"/>
        <line num="35" count="6" type="cond" truecount="1" falsecount="0"/>
        <line num="36" count="4" type="stmt"/>
        <line num="38" count="2" type="stmt"/>
        <line num="41" count="5" type="stmt"/>
      </file>
      <file name="user.tsx" path="C:\Users\Michelle Yalaupari\Documents\github\Bootcamp\BOOTCAMPFRONTEND-REACT-NTT\src\app\context\user.tsx">
        <metrics statements="22" coveredstatements="22" conditionals="2" coveredconditionals="2" methods="4" coveredmethods="4"/>
        <line num="1" count="6" type="stmt"/>
        <line num="3" count="6" type="stmt"/>
        <line num="4" count="6" type="stmt"/>
        <line num="6" count="6" type="stmt"/>
        <line num="7" count="6" type="stmt"/>
        <line num="9" count="6" type="stmt"/>
        <line num="10" count="11" type="stmt"/>
        <line num="11" count="11" type="stmt"/>
        <line num="13" count="11" type="stmt"/>
        <line num="14" count="10" type="stmt"/>
        <line num="17" count="11" type="stmt"/>
        <line num="26" count="6" type="stmt"/>
        <line num="27" count="10" type="stmt"/>
        <line num="28" count="9" type="cond" truecount="1" falsecount="0"/>
        <line num="29" count="4" type="stmt"/>
        <line num="31" count="5" type="stmt"/>
        <line num="34" count="6" type="stmt"/>
        <line num="35" count="11" type="stmt"/>
        <line num="36" count="10" type="cond" truecount="1" falsecount="0"/>
        <line num="37" count="4" type="stmt"/>
        <line num="39" count="6" type="stmt"/>
        <line num="42" count="6" type="stmt"/>
      </file>
    </package>
    <package name="src.app.domain.types">
      <metrics statements="20" coveredstatements="20" conditionals="10" coveredconditionals="10" methods="5" coveredmethods="5"/>
      <file name="app-cart.ts" path="C:\Users\Michelle Yalaupari\Documents\github\Bootcamp\BOOTCAMPFRONTEND-REACT-NTT\src\app\domain\types\app-cart.ts">
        <metrics statements="5" coveredstatements="5" conditionals="2" coveredconditionals="2" methods="1" coveredmethods="1"/>
        <line num="6" count="9" type="cond" truecount="2" falsecount="0"/>
        <line num="7" count="9" type="stmt"/>
        <line num="8" count="9" type="stmt"/>
        <line num="9" count="9" type="stmt"/>
        <line num="10" count="9" type="stmt"/>
      </file>
      <file name="app-client.ts" path="C:\Users\Michelle Yalaupari\Documents\github\Bootcamp\BOOTCAMPFRONTEND-REACT-NTT\src\app\domain\types\app-client.ts">
        <metrics statements="4" coveredstatements="4" conditionals="2" coveredconditionals="2" methods="1" coveredmethods="1"/>
        <line num="6" count="5" type="cond" truecount="2" falsecount="0"/>
        <line num="7" count="5" type="stmt"/>
        <line num="8" count="5" type="stmt"/>
        <line num="9" count="5" type="stmt"/>
      </file>
      <file name="app-login.ts" path="C:\Users\Michelle Yalaupari\Documents\github\Bootcamp\BOOTCAMPFRONTEND-REACT-NTT\src\app\domain\types\app-login.ts">
        <metrics statements="4" coveredstatements="4" conditionals="2" coveredconditionals="2" methods="1" coveredmethods="1"/>
        <line num="6" count="5" type="cond" truecount="2" falsecount="0"/>
        <line num="7" count="5" type="stmt"/>
        <line num="8" count="5" type="stmt"/>
        <line num="9" count="5" type="stmt"/>
      </file>
      <file name="app-pagination.ts" path="C:\Users\Michelle Yalaupari\Documents\github\Bootcamp\BOOTCAMPFRONTEND-REACT-NTT\src\app\domain\types\app-pagination.ts">
        <metrics statements="4" coveredstatements="4" conditionals="2" coveredconditionals="2" methods="1" coveredmethods="1"/>
        <line num="6" count="7" type="cond" truecount="2" falsecount="0"/>
        <line num="7" count="7" type="stmt"/>
        <line num="8" count="7" type="stmt"/>
        <line num="9" count="7" type="stmt"/>
      </file>
      <file name="app-user.ts" path="C:\Users\Michelle Yalaupari\Documents\github\Bootcamp\BOOTCAMPFRONTEND-REACT-NTT\src\app\domain\types\app-user.ts">
        <metrics statements="3" coveredstatements="3" conditionals="2" coveredconditionals="2" methods="1" coveredmethods="1"/>
        <line num="6" count="8" type="cond" truecount="2" falsecount="0"/>
        <line num="7" count="8" type="stmt"/>
        <line num="8" count="8" type="stmt"/>
      </file>
    </package>
    <package name="src.app.hooks">
      <metrics statements="40" coveredstatements="40" conditionals="4" coveredconditionals="4" methods="12" coveredmethods="12"/>
      <file name="useDistricts.ts" path="C:\Users\Michelle Yalaupari\Documents\github\Bootcamp\BOOTCAMPFRONTEND-REACT-NTT\src\app\hooks\useDistricts.ts">
        <metrics statements="16" coveredstatements="16" conditionals="2" coveredconditionals="2" methods="3" coveredmethods="3"/>
        <line num="1" count="2" type="stmt"/>
        <line num="7" count="2" type="stmt"/>
        <line num="8" count="6" type="stmt"/>
        <line num="10" count="6" type="stmt"/>
        <line num="11" count="3" type="stmt"/>
        <line num="12" count="3" type="stmt"/>
        <line num="13" count="3" type="stmt"/>
        <line num="14" count="2" type="cond" truecount="1" falsecount="0"/>
        <line num="15" count="1" type="stmt"/>
        <line num="17" count="1" type="stmt"/>
        <line num="18" count="1" type="stmt"/>
        <line num="20" count="2" type="cond" truecount="1" falsecount="0"/>
        <line num="21" count="2" type="stmt"/>
        <line num="23" count="2" type="stmt"/>
        <line num="27" count="3" type="stmt"/>
        <line num="30" count="6" type="stmt"/>
      </file>
      <file name="useGeneratorId.ts" path="C:\Users\Michelle Yalaupari\Documents\github\Bootcamp\BOOTCAMPFRONTEND-REACT-NTT\src\app\hooks\useGeneratorId.ts">
        <metrics statements="7" coveredstatements="7" conditionals="0" coveredconditionals="0" methods="2" coveredmethods="2"/>
        <line num="1" count="2" type="stmt"/>
        <line num="3" count="2" type="stmt"/>
        <line num="4" count="1" type="stmt"/>
        <line num="5" count="2" type="stmt"/>
        <line num="6" count="2" type="stmt"/>
        <line num="7" count="2" type="stmt"/>
        <line num="10" count="1" type="stmt"/>
      </file>
      <file name="useLocalStorage.ts" path="C:\Users\Michelle Yalaupari\Documents\github\Bootcamp\BOOTCAMPFRONTEND-REACT-NTT\src\app\hooks\useLocalStorage.ts">
        <metrics statements="8" coveredstatements="8" conditionals="2" coveredconditionals="2" methods="3" coveredmethods="3"/>
        <line num="1" count="11" type="stmt"/>
        <line num="3" count="11" type="stmt"/>
        <line num="4" count="50" type="stmt"/>
        <line num="5" count="27" type="stmt"/>
        <line num="6" count="27" type="cond" truecount="2" falsecount="0"/>
        <line num="9" count="50" type="stmt"/>
        <line num="10" count="47" type="stmt"/>
        <line num="13" count="50" type="stmt"/>
      </file>
      <file name="useValidation.ts" path="C:\Users\Michelle Yalaupari\Documents\github\Bootcamp\BOOTCAMPFRONTEND-REACT-NTT\src\app\hooks\useValidation.ts">
        <metrics statements="9" coveredstatements="9" conditionals="0" coveredconditionals="0" methods="4" coveredmethods="4"/>
        <line num="1" count="6" type="stmt"/>
        <line num="2" count="6" type="stmt"/>
        <line num="4" count="64" type="stmt"/>
        <line num="5" count="15" type="stmt"/>
        <line num="8" count="64" type="stmt"/>
        <line num="9" count="30" type="stmt"/>
        <line num="12" count="64" type="stmt"/>
        <line num="13" count="14" type="stmt"/>
        <line num="16" count="64" type="stmt"/>
      </file>
    </package>
    <package name="src.app.mappers">
      <metrics statements="16" coveredstatements="16" conditionals="6" coveredconditionals="6" methods="7" coveredmethods="7"/>
      <file name="ListProducts.ts" path="C:\Users\Michelle Yalaupari\Documents\github\Bootcamp\BOOTCAMPFRONTEND-REACT-NTT\src\app\mappers\ListProducts.ts">
        <metrics statements="2" coveredstatements="2" conditionals="0" coveredconditionals="0" methods="2" coveredmethods="2"/>
        <line num="3" count="2" type="stmt"/>
        <line num="4" count="8" type="stmt"/>
      </file>
      <file name="ListProductsClient.ts" path="C:\Users\Michelle Yalaupari\Documents\github\Bootcamp\BOOTCAMPFRONTEND-REACT-NTT\src\app\mappers\ListProductsClient.ts">
        <metrics statements="2" coveredstatements="2" conditionals="0" coveredconditionals="0" methods="2" coveredmethods="2"/>
        <line num="4" count="2" type="stmt"/>
        <line num="5" count="3" type="stmt"/>
      </file>
      <file name="PaginatedProducts.ts" path="C:\Users\Michelle Yalaupari\Documents\github\Bootcamp\BOOTCAMPFRONTEND-REACT-NTT\src\app\mappers\PaginatedProducts.ts">
        <metrics statements="10" coveredstatements="10" conditionals="6" coveredconditionals="6" methods="2" coveredmethods="2"/>
        <line num="3" count="3" type="stmt"/>
        <line num="9" count="7" type="stmt"/>
        <line num="10" count="7" type="cond" truecount="2" falsecount="0"/>
        <line num="12" count="7" type="cond" truecount="2" falsecount="0"/>
        <line num="14" count="2" type="stmt"/>
        <line num="18" count="7" type="stmt"/>
        <line num="19" count="7" type="stmt"/>
        <line num="21" count="7" type="stmt"/>
        <line num="22" count="7" type="stmt"/>
        <line num="24" count="7" type="stmt"/>
      </file>
      <file name="UserData.ts" path="C:\Users\Michelle Yalaupari\Documents\github\Bootcamp\BOOTCAMPFRONTEND-REACT-NTT\src\app\mappers\UserData.ts">
        <metrics statements="2" coveredstatements="2" conditionals="0" coveredconditionals="0" methods="1" coveredmethods="1"/>
        <line num="4" count="4" type="stmt"/>
        <line num="5" count="1" type="stmt"/>
      </file>
    </package>
    <package name="src.app.pages.Cart">
      <metrics statements="17" coveredstatements="17" conditionals="0" coveredconditionals="0" methods="3" coveredmethods="3"/>
      <file name="Cart.tsx" path="C:\Users\Michelle Yalaupari\Documents\github\Bootcamp\BOOTCAMPFRONTEND-REACT-NTT\src\app\pages\Cart\Cart.tsx">
        <metrics statements="17" coveredstatements="17" conditionals="0" coveredconditionals="0" methods="3" coveredmethods="3"/>
        <line num="1" count="2" type="stmt"/>
        <line num="3" count="2" type="stmt"/>
        <line num="5" count="2" type="stmt"/>
        <line num="8" count="2" type="stmt"/>
        <line num="10" count="2" type="stmt"/>
        <line num="11" count="2" type="stmt"/>
        <line num="13" count="2" type="stmt"/>
        <line num="15" count="2" type="stmt"/>
        <line num="16" count="2" type="stmt"/>
        <line num="17" count="2" type="stmt"/>
        <line num="19" count="2" type="stmt"/>
        <line num="21" count="2" type="stmt"/>
        <line num="22" count="1" type="stmt"/>
        <line num="25" count="2" type="stmt"/>
        <line num="26" count="1" type="stmt"/>
        <line num="29" count="2" type="stmt"/>
        <line num="39" count="2" type="stmt"/>
      </file>
    </package>
    <package name="src.app.pages.Category">
      <metrics statements="26" coveredstatements="26" conditionals="4" coveredconditionals="4" methods="5" coveredmethods="5"/>
      <file name="Category.tsx" path="C:\Users\Michelle Yalaupari\Documents\github\Bootcamp\BOOTCAMPFRONTEND-REACT-NTT\src\app\pages\Category\Category.tsx">
        <metrics statements="26" coveredstatements="26" conditionals="4" coveredconditionals="4" methods="5" coveredmethods="5"/>
        <line num="1" count="2" type="stmt"/>
        <line num="2" count="2" type="stmt"/>
        <line num="5" count="2" type="stmt"/>
        <line num="7" count="2" type="stmt"/>
        <line num="9" count="2" type="stmt"/>
        <line num="10" count="2" type="stmt"/>
        <line num="12" count="2" type="stmt"/>
        <line num="13" count="2" type="stmt"/>
        <line num="15" count="2" type="stmt"/>
        <line num="17" count="2" type="stmt"/>
        <line num="18" count="9" type="stmt"/>
        <line num="20" count="8" type="stmt"/>
        <line num="21" count="8" type="stmt"/>
        <line num="22" count="8" type="stmt"/>
        <line num="24" count="8" type="stmt"/>
        <line num="26" count="8" type="stmt"/>
        <line num="27" count="3" type="stmt"/>
        <line num="28" count="3" type="stmt"/>
        <line num="29" count="3" type="stmt"/>
        <line num="32" count="8" type="stmt"/>
        <line num="33" count="3" type="stmt"/>
        <line num="36" count="8" type="stmt"/>
        <line num="37" count="3" type="stmt"/>
        <line num="40" count="8" type="stmt"/>
        <line num="46" count="2" type="stmt"/>
        <line num="60" count="2" type="stmt"/>
      </file>
    </package>
    <package name="src.app.pages.Init">
      <metrics statements="24" coveredstatements="24" conditionals="4" coveredconditionals="4" methods="5" coveredmethods="5"/>
      <file name="Init.tsx" path="C:\Users\Michelle Yalaupari\Documents\github\Bootcamp\BOOTCAMPFRONTEND-REACT-NTT\src\app\pages\Init\Init.tsx">
        <metrics statements="24" coveredstatements="24" conditionals="4" coveredconditionals="4" methods="5" coveredmethods="5"/>
        <line num="1" count="2" type="stmt"/>
        <line num="4" count="2" type="stmt"/>
        <line num="6" count="2" type="stmt"/>
        <line num="8" count="2" type="stmt"/>
        <line num="9" count="2" type="stmt"/>
        <line num="11" count="2" type="stmt"/>
        <line num="12" count="2" type="stmt"/>
        <line num="14" count="2" type="stmt"/>
        <line num="16" count="2" type="stmt"/>
        <line num="17" count="12" type="stmt"/>
        <line num="18" count="11" type="stmt"/>
        <line num="19" count="11" type="stmt"/>
        <line num="21" count="11" type="stmt"/>
        <line num="23" count="11" type="stmt"/>
        <line num="24" count="4" type="stmt"/>
        <line num="25" count="4" type="stmt"/>
        <line num="26" count="4" type="stmt"/>
        <line num="29" count="11" type="stmt"/>
        <line num="30" count="4" type="stmt"/>
        <line num="33" count="11" type="stmt"/>
        <line num="34" count="4" type="stmt"/>
        <line num="37" count="11" type="stmt"/>
        <line num="43" count="4" type="stmt"/>
        <line num="57" count="2" type="stmt"/>
      </file>
    </package>
    <package name="src.app.pages.Login">
      <metrics statements="5" coveredstatements="5" conditionals="0" coveredconditionals="0" methods="1" coveredmethods="1"/>
      <file name="Login.tsx" path="C:\Users\Michelle Yalaupari\Documents\github\Bootcamp\BOOTCAMPFRONTEND-REACT-NTT\src\app\pages\Login\Login.tsx">
        <metrics statements="5" coveredstatements="5" conditionals="0" coveredconditionals="0" methods="1" coveredmethods="1"/>
        <line num="3" count="3" type="stmt"/>
        <line num="5" count="3" type="stmt"/>
        <line num="7" count="3" type="stmt"/>
        <line num="8" count="2" type="stmt"/>
        <line num="15" count="3" type="stmt"/>
      </file>
    </package>
    <package name="src.app.proxy">
      <metrics statements="38" coveredstatements="38" conditionals="10" coveredconditionals="10" methods="3" coveredmethods="3"/>
      <file name="categories-request.ts" path="C:\Users\Michelle Yalaupari\Documents\github\Bootcamp\BOOTCAMPFRONTEND-REACT-NTT\src\app\proxy\categories-request.ts">
        <metrics statements="12" coveredstatements="12" conditionals="2" coveredconditionals="2" methods="1" coveredmethods="1"/>
        <line num="3" count="2" type="stmt"/>
        <line num="5" count="2" type="stmt"/>
        <line num="6" count="6" type="stmt"/>
        <line num="7" count="6" type="stmt"/>
        <line num="9" count="2" type="cond" truecount="1" falsecount="0"/>
        <line num="10" count="1" type="stmt"/>
        <line num="13" count="1" type="stmt"/>
        <line num="14" count="1" type="stmt"/>
        <line num="16" count="5" type="cond" truecount="1" falsecount="0"/>
        <line num="17" count="4" type="stmt"/>
        <line num="19" count="1" type="stmt"/>
        <line num="24" count="2" type="stmt"/>
      </file>
      <file name="login-request.ts" path="C:\Users\Michelle Yalaupari\Documents\github\Bootcamp\BOOTCAMPFRONTEND-REACT-NTT\src\app\proxy\login-request.ts">
        <metrics statements="12" coveredstatements="12" conditionals="2" coveredconditionals="2" methods="1" coveredmethods="1"/>
        <line num="3" count="4" type="stmt"/>
        <line num="5" count="4" type="stmt"/>
        <line num="6" count="3" type="stmt"/>
        <line num="7" count="3" type="stmt"/>
        <line num="13" count="2" type="cond" truecount="1" falsecount="0"/>
        <line num="14" count="1" type="stmt"/>
        <line num="17" count="1" type="stmt"/>
        <line num="19" count="1" type="stmt"/>
        <line num="21" count="2" type="cond" truecount="1" falsecount="0"/>
        <line num="22" count="1" type="stmt"/>
        <line num="24" count="1" type="stmt"/>
        <line num="28" count="4" type="stmt"/>
      </file>
      <file name="products-request.ts" path="C:\Users\Michelle Yalaupari\Documents\github\Bootcamp\BOOTCAMPFRONTEND-REACT-NTT\src\app\proxy\products-request.ts">
        <metrics statements="14" coveredstatements="14" conditionals="6" coveredconditionals="6" methods="1" coveredmethods="1"/>
        <line num="2" count="2" type="stmt"/>
        <line num="3" count="2" type="stmt"/>
        <line num="5" count="2" type="stmt"/>
        <line num="7" count="2" type="stmt"/>
        <line num="12" count="6" type="stmt"/>
        <line num="13" count="6" type="cond" truecount="2" falsecount="0"/>
        <line num="17" count="6" type="stmt"/>
        <line num="19" count="5" type="cond" truecount="1" falsecount="0"/>
        <line num="20" count="1" type="stmt"/>
        <line num="23" count="4" type="stmt"/>
        <line num="24" count="4" type="stmt"/>
        <line num="26" count="4" type="stmt"/>
        <line num="28" count="2" type="stmt"/>
        <line num="32" count="2" type="stmt"/>
      </file>
    </package>
    <package name="src.app.reducer">
      <metrics statements="72" coveredstatements="72" conditionals="34" coveredconditionals="34" methods="25" coveredmethods="25"/>
      <file name="cart.tsx" path="C:\Users\Michelle Yalaupari\Documents\github\Bootcamp\BOOTCAMPFRONTEND-REACT-NTT\src\app\reducer\cart.tsx">
        <metrics statements="38" coveredstatements="38" conditionals="13" coveredconditionals="13" methods="21" coveredmethods="21"/>
        <line num="3" count="6" type="stmt"/>
        <line num="16" count="6" type="stmt"/>
        <line num="18" count="1" type="stmt"/>
        <line num="19" count="1" type="stmt"/>
        <line num="22" count="6" type="stmt"/>
        <line num="24" count="6" type="stmt"/>
        <line num="26" count="6" type="stmt"/>
        <line num="30" count="9" type="cond" truecount="5" falsecount="0"/>
        <line num="32" count="3" type="stmt"/>
        <line num="33" count="3" type="stmt"/>
        <line num="34" count="3" type="stmt"/>
        <line num="36" count="3" type="cond" truecount="2" falsecount="0"/>
        <line num="37" count="2" type="stmt"/>
        <line num="38" count="3" type="cond" truecount="2" falsecount="0"/>
        <line num="41" count="1" type="stmt"/>
        <line num="54" count="3" type="stmt"/>
        <line num="57" count="1" type="stmt"/>
        <line num="58" count="1" type="stmt"/>
        <line num="63" count="3" type="stmt"/>
        <line num="64" count="3" type="stmt"/>
        <line num="66" count="3" type="cond" truecount="1" falsecount="0"/>
        <line num="67" count="2" type="cond" truecount="1" falsecount="0"/>
        <line num="68" count="1" type="stmt"/>
        <line num="69" count="2" type="cond" truecount="2" falsecount="0"/>
        <line num="74" count="1" type="stmt"/>
        <line num="77" count="1" type="stmt"/>
        <line num="78" count="1" type="stmt"/>
        <line num="82" count="1" type="stmt"/>
        <line num="84" count="1" type="stmt"/>
        <line num="87" count="1" type="stmt"/>
        <line num="88" count="1" type="stmt"/>
        <line num="92" count="1" type="stmt"/>
        <line num="97" count="2" type="stmt"/>
        <line num="99" count="1" type="stmt"/>
        <line num="102" count="1" type="stmt"/>
        <line num="103" count="1" type="stmt"/>
        <line num="107" count="1" type="stmt"/>
        <line num="113" count="1" type="stmt"/>
      </file>
      <file name="client.tsx" path="C:\Users\Michelle Yalaupari\Documents\github\Bootcamp\BOOTCAMPFRONTEND-REACT-NTT\src\app\reducer\client.tsx">
        <metrics statements="8" coveredstatements="8" conditionals="4" coveredconditionals="4" methods="1" coveredmethods="1"/>
        <line num="2" count="5" type="stmt"/>
        <line num="14" count="5" type="stmt"/>
        <line num="19" count="5" type="stmt"/>
        <line num="23" count="5" type="cond" truecount="4" falsecount="0"/>
        <line num="25" count="2" type="stmt"/>
        <line num="30" count="1" type="stmt"/>
        <line num="35" count="1" type="stmt"/>
        <line num="40" count="1" type="stmt"/>
      </file>
      <file name="login.tsx" path="C:\Users\Michelle Yalaupari\Documents\github\Bootcamp\BOOTCAMPFRONTEND-REACT-NTT\src\app\reducer\login.tsx">
        <metrics statements="11" coveredstatements="11" conditionals="10" coveredconditionals="10" methods="1" coveredmethods="1"/>
        <line num="2" count="5" type="stmt"/>
        <line num="13" count="5" type="stmt"/>
        <line num="21" count="5" type="stmt"/>
        <line num="25" count="21" type="cond" truecount="4" falsecount="0"/>
        <line num="27" count="16" type="cond" truecount="2" falsecount="0"/>
        <line num="33" count="15" type="stmt"/>
        <line num="34" count="15" type="stmt"/>
        <line num="42" count="1" type="stmt"/>
        <line num="45" count="2" type="stmt"/>
        <line num="56" count="2" type="stmt"/>
        <line num="65" count="1" type="stmt"/>
      </file>
      <file name="pagination.tsx" path="C:\Users\Michelle Yalaupari\Documents\github\Bootcamp\BOOTCAMPFRONTEND-REACT-NTT\src\app\reducer\pagination.tsx">
        <metrics statements="8" coveredstatements="8" conditionals="4" coveredconditionals="4" methods="1" coveredmethods="1"/>
        <line num="2" count="6" type="stmt"/>
        <line num="12" count="6" type="stmt"/>
        <line num="19" count="6" type="stmt"/>
        <line num="23" count="17" type="cond" truecount="4" falsecount="0"/>
        <line num="25" count="2" type="stmt"/>
        <line num="33" count="6" type="stmt"/>
        <line num="41" count="8" type="stmt"/>
        <line num="49" count="1" type="stmt"/>
      </file>
      <file name="user.tsx" path="C:\Users\Michelle Yalaupari\Documents\github\Bootcamp\BOOTCAMPFRONTEND-REACT-NTT\src\app\reducer\user.tsx">
        <metrics statements="7" coveredstatements="7" conditionals="3" coveredconditionals="3" methods="1" coveredmethods="1"/>
        <line num="2" count="7" type="stmt"/>
        <line num="13" count="7" type="stmt"/>
        <line num="26" count="7" type="stmt"/>
        <line num="30" count="4" type="cond" truecount="3" falsecount="0"/>
        <line num="32" count="2" type="stmt"/>
        <line num="46" count="1" type="stmt"/>
        <line num="60" count="1" type="stmt"/>
      </file>
    </package>
    <package name="src.app.routes">
      <metrics statements="5" coveredstatements="5" conditionals="2" coveredconditionals="2" methods="1" coveredmethods="1"/>
      <file name="routes.ts" path="C:\Users\Michelle Yalaupari\Documents\github\Bootcamp\BOOTCAMPFRONTEND-REACT-NTT\src\app\routes\routes.ts">
        <metrics statements="5" coveredstatements="5" conditionals="2" coveredconditionals="2" methods="1" coveredmethods="1"/>
        <line num="1" count="4" type="cond" truecount="2" falsecount="0"/>
        <line num="2" count="4" type="stmt"/>
        <line num="3" count="4" type="stmt"/>
        <line num="4" count="4" type="stmt"/>
        <line num="5" count="4" type="stmt"/>
      </file>
    </package>
    <package name="src.app.routes.Protected">
      <metrics statements="12" coveredstatements="12" conditionals="4" coveredconditionals="4" methods="2" coveredmethods="2"/>
      <file name="LoginRoute.tsx" path="C:\Users\Michelle Yalaupari\Documents\github\Bootcamp\BOOTCAMPFRONTEND-REACT-NTT\src\app\routes\Protected\LoginRoute.tsx">
        <metrics statements="6" coveredstatements="6" conditionals="2" coveredconditionals="2" methods="1" coveredmethods="1"/>
        <line num="2" count="2" type="stmt"/>
        <line num="3" count="2" type="stmt"/>
        <line num="5" count="2" type="stmt"/>
        <line num="6" count="3" type="stmt"/>
        <line num="8" count="3" type="cond" truecount="2" falsecount="0"/>
        <line num="11" count="2" type="stmt"/>
      </file>
      <file name="LogoutRoute.tsx" path="C:\Users\Michelle Yalaupari\Documents\github\Bootcamp\BOOTCAMPFRONTEND-REACT-NTT\src\app\routes\Protected\LogoutRoute.tsx">
        <metrics statements="6" coveredstatements="6" conditionals="2" coveredconditionals="2" methods="1" coveredmethods="1"/>
        <line num="2" count="1" type="stmt"/>
        <line num="3" count="1" type="stmt"/>
        <line num="5" count="1" type="stmt"/>
        <line num="6" count="2" type="stmt"/>
        <line num="8" count="2" type="cond" truecount="2" falsecount="0"/>
        <line num="11" count="1" type="stmt"/>
      </file>
    </package>
    <package name="src.utils.Layout.MainLayout">
      <metrics statements="11" coveredstatements="11" conditionals="0" coveredconditionals="0" methods="1" coveredmethods="1"/>
      <file name="MainLayout.tsx" path="C:\Users\Michelle Yalaupari\Documents\github\Bootcamp\BOOTCAMPFRONTEND-REACT-NTT\src\utils\Layout\MainLayout\MainLayout.tsx">
        <metrics statements="11" coveredstatements="11" conditionals="0" coveredconditionals="0" methods="1" coveredmethods="1"/>
        <line num="3" count="1" type="stmt"/>
        <line num="4" count="1" type="stmt"/>
        <line num="5" count="1" type="stmt"/>
        <line num="6" count="1" type="stmt"/>
        <line num="8" count="1" type="stmt"/>
        <line num="9" count="1" type="stmt"/>
        <line num="10" count="1" type="stmt"/>
        <line num="12" count="1" type="stmt"/>
        <line num="16" count="1" type="stmt"/>
        <line num="17" count="2" type="stmt"/>
        <line num="35" count="1" type="stmt"/>
      </file>
    </package>
    <package name="src.utils.components.CartButton">
      <metrics statements="10" coveredstatements="10" conditionals="4" coveredconditionals="4" methods="1" coveredmethods="1"/>
      <file name="CartButton.tsx" path="C:\Users\Michelle Yalaupari\Documents\github\Bootcamp\BOOTCAMPFRONTEND-REACT-NTT\src\utils\components\CartButton\CartButton.tsx">
        <metrics statements="10" coveredstatements="10" conditionals="4" coveredconditionals="4" methods="1" coveredmethods="1"/>
        <line num="2" count="2" type="stmt"/>
        <line num="4" count="2" type="stmt"/>
        <line num="6" count="2" type="stmt"/>
        <line num="8" count="2" type="stmt"/>
        <line num="10" count="2" type="stmt"/>
        <line num="12" count="2" type="stmt"/>
        <line num="13" count="6" type="stmt"/>
        <line num="15" count="6" type="cond" truecount="2" falsecount="0"/>
        <line num="17" count="6" type="stmt"/>
        <line num="25" count="2" type="stmt"/>
      </file>
    </package>
    <package name="src.utils.components.CartForm">
      <metrics statements="66" coveredstatements="66" conditionals="50" coveredconditionals="50" methods="8" coveredmethods="8"/>
      <file name="CartForm.tsx" path="C:\Users\Michelle Yalaupari\Documents\github\Bootcamp\BOOTCAMPFRONTEND-REACT-NTT\src\utils\components\CartForm\CartForm.tsx">
        <metrics statements="66" coveredstatements="66" conditionals="50" coveredconditionals="50" methods="8" coveredmethods="8"/>
        <line num="1" count="2" type="stmt"/>
        <line num="2" count="2" type="stmt"/>
        <line num="5" count="2" type="stmt"/>
        <line num="7" count="2" type="stmt"/>
        <line num="8" count="2" type="stmt"/>
        <line num="10" count="2" type="stmt"/>
        <line num="12" count="2" type="stmt"/>
        <line num="14" count="2" type="stmt"/>
        <line num="16" count="2" type="stmt"/>
        <line num="22" count="2" type="stmt"/>
        <line num="34" count="2" type="stmt"/>
        <line num="35" count="37" type="stmt"/>
        <line num="37" count="37" type="stmt"/>
        <line num="39" count="37" type="stmt"/>
        <line num="40" count="37" type="stmt"/>
        <line num="42" count="37" type="stmt"/>
        <line num="44" count="37" type="stmt"/>
        <line num="46" count="37" type="stmt"/>
        <line num="56" count="37" type="stmt"/>
        <line num="57" count="37" type="stmt"/>
        <line num="58" count="37" type="stmt"/>
        <line num="59" count="37" type="stmt"/>
        <line num="61" count="37" type="stmt"/>
        <line num="64" count="11" type="stmt"/>
        <line num="65" count="11" type="stmt"/>
        <line num="67" count="11" type="stmt"/>
        <line num="72" count="11" type="cond" truecount="1" falsecount="0"/>
        <line num="73" count="11" type="stmt"/>
        <line num="80" count="37" type="stmt"/>
        <line num="81" count="20" type="stmt"/>
        <line num="83" count="20" type="cond" truecount="4" falsecount="0"/>
        <line num="84" count="20" type="cond" truecount="4" falsecount="0"/>
        <line num="85" count="20" type="cond" truecount="4" falsecount="0"/>
        <line num="86" count="20" type="cond" truecount="2" falsecount="0"/>
        <line num="87" count="20" type="cond" truecount="2" falsecount="0"/>
        <line num="88" count="20" type="cond" truecount="2" falsecount="0"/>
        <line num="89" count="20" type="cond" truecount="4" falsecount="0"/>
        <line num="91" count="20" type="stmt"/>
        <line num="94" count="37" type="stmt"/>
        <line num="95" count="3" type="stmt"/>
        <line num="97" count="3" type="stmt"/>
        <line num="99" count="3" type="cond" truecount="1" falsecount="0"/>
        <line num="100" count="1" type="stmt"/>
        <line num="101" count="1" type="stmt"/>
        <line num="104" count="2" type="stmt"/>
        <line num="106" count="2" type="stmt"/>
        <line num="116" count="2" type="stmt"/>
        <line num="118" count="8" type="stmt"/>
        <line num="120" count="2" type="cond" truecount="1" falsecount="0"/>
        <line num="121" count="1" type="stmt"/>
        <line num="124" count="1" type="stmt"/>
        <line num="130" count="1" type="stmt"/>
        <line num="132" count="1" type="stmt"/>
        <line num="133" count="1" type="stmt"/>
        <line num="136" count="37" type="stmt"/>
        <line num="137" count="1" type="stmt"/>
        <line num="138" count="1" type="stmt"/>
        <line num="139" count="1" type="stmt"/>
        <line num="148" count="1" type="stmt"/>
        <line num="149" count="1" type="stmt"/>
        <line num="150" count="1" type="stmt"/>
        <line num="153" count="37" type="stmt"/>
        <line num="154" count="18" type="stmt"/>
        <line num="157" count="37" type="stmt"/>
        <line num="213" count="74" type="stmt"/>
        <line num="276" count="2" type="stmt"/>
      </file>
    </package>
    <package name="src.utils.components.CartTable">
      <metrics statements="20" coveredstatements="20" conditionals="2" coveredconditionals="2" methods="9" coveredmethods="9"/>
      <file name="CartTable.tsx" path="C:\Users\Michelle Yalaupari\Documents\github\Bootcamp\BOOTCAMPFRONTEND-REACT-NTT\src\utils\components\CartTable\CartTable.tsx">
        <metrics statements="20" coveredstatements="20" conditionals="2" coveredconditionals="2" methods="9" coveredmethods="9"/>
        <line num="4" count="2" type="stmt"/>
        <line num="6" count="2" type="stmt"/>
        <line num="8" count="2" type="stmt"/>
        <line num="10" count="2" type="stmt"/>
        <line num="12" count="2" type="stmt"/>
        <line num="13" count="5" type="stmt"/>
        <line num="14" count="5" type="stmt"/>
        <line num="16" count="5" type="stmt"/>
        <line num="17" count="1" type="stmt"/>
        <line num="23" count="5" type="stmt"/>
        <line num="24" count="1" type="stmt"/>
        <line num="30" count="5" type="stmt"/>
        <line num="31" count="1" type="stmt"/>
        <line num="37" count="8" type="stmt"/>
        <line num="39" count="5" type="stmt"/>
        <line num="53" count="8" type="stmt"/>
        <line num="61" count="1" type="stmt"/>
        <line num="68" count="1" type="stmt"/>
        <line num="83" count="1" type="stmt"/>
        <line num="111" count="2" type="stmt"/>
      </file>
    </package>
    <package name="src.utils.components.Footer">
      <metrics statements="6" coveredstatements="6" conditionals="0" coveredconditionals="0" methods="1" coveredmethods="1"/>
      <file name="Footer.tsx" path="C:\Users\Michelle Yalaupari\Documents\github\Bootcamp\BOOTCAMPFRONTEND-REACT-NTT\src\utils\components\Footer\Footer.tsx">
        <metrics statements="6" coveredstatements="6" conditionals="0" coveredconditionals="0" methods="1" coveredmethods="1"/>
        <line num="2" count="2" type="stmt"/>
        <line num="3" count="2" type="stmt"/>
        <line num="4" count="2" type="stmt"/>
        <line num="6" count="2" type="stmt"/>
        <line num="7" count="3" type="stmt"/>
        <line num="25" count="2" type="stmt"/>
      </file>
    </package>
    <package name="src.utils.components.Header">
      <metrics statements="37" coveredstatements="37" conditionals="4" coveredconditionals="4" methods="8" coveredmethods="8"/>
      <file name="Header.tsx" path="C:\Users\Michelle Yalaupari\Documents\github\Bootcamp\BOOTCAMPFRONTEND-REACT-NTT\src\utils\components\Header\Header.tsx">
        <metrics statements="37" coveredstatements="37" conditionals="4" coveredconditionals="4" methods="8" coveredmethods="8"/>
        <line num="1" count="2" type="stmt"/>
        <line num="2" count="2" type="stmt"/>
        <line num="3" count="2" type="stmt"/>
        <line num="5" count="2" type="stmt"/>
        <line num="6" count="2" type="stmt"/>
        <line num="7" count="2" type="stmt"/>
        <line num="8" count="2" type="stmt"/>
        <line num="9" count="2" type="stmt"/>
        <line num="10" count="2" type="stmt"/>
        <line num="12" count="2" type="stmt"/>
        <line num="13" count="11" type="stmt"/>
        <line num="15" count="10" type="stmt"/>
        <line num="16" count="10" type="stmt"/>
        <line num="18" count="10" type="stmt"/>
        <line num="20" count="10" type="stmt"/>
        <line num="21" count="7" type="stmt"/>
        <line num="22" count="7" type="stmt"/>
        <line num="23" count="3" type="stmt"/>
        <line num="25" count="4" type="stmt"/>
        <line num="29" count="10" type="stmt"/>
        <line num="30" count="10" type="stmt"/>
        <line num="31" count="10" type="stmt"/>
        <line num="33" count="10" type="stmt"/>
        <line num="34" count="1" type="stmt"/>
        <line num="37" count="10" type="stmt"/>
        <line num="38" count="7" type="stmt"/>
        <line num="39" count="7" type="stmt"/>
        <line num="42" count="10" type="stmt"/>
        <line num="43" count="8" type="stmt"/>
        <line num="46" count="10" type="stmt"/>
        <line num="47" count="7" type="stmt"/>
        <line num="50" count="10" type="stmt"/>
        <line num="51" count="1" type="stmt"/>
        <line num="55" count="1" type="stmt"/>
        <line num="58" count="10" type="stmt"/>
        <line num="79" count="2" type="stmt"/>
        <line num="104" count="2" type="stmt"/>
      </file>
    </package>
    <package name="src.utils.components.LoginCard">
      <metrics statements="48" coveredstatements="48" conditionals="15" coveredconditionals="15" methods="8" coveredmethods="8"/>
      <file name="LoginCard.tsx" path="C:\Users\Michelle Yalaupari\Documents\github\Bootcamp\BOOTCAMPFRONTEND-REACT-NTT\src\utils\components\LoginCard\LoginCard.tsx">
        <metrics statements="48" coveredstatements="48" conditionals="15" coveredconditionals="15" methods="8" coveredmethods="8"/>
        <line num="1" count="4" type="stmt"/>
        <line num="2" count="4" type="stmt"/>
        <line num="3" count="4" type="stmt"/>
        <line num="4" count="4" type="stmt"/>
        <line num="5" count="4" type="stmt"/>
        <line num="6" count="4" type="stmt"/>
        <line num="7" count="4" type="stmt"/>
        <line num="8" count="4" type="stmt"/>
        <line num="9" count="4" type="stmt"/>
        <line num="10" count="4" type="stmt"/>
        <line num="11" count="4" type="stmt"/>
        <line num="12" count="4" type="stmt"/>
        <line num="13" count="4" type="stmt"/>
        <line num="15" count="4" type="stmt"/>
        <line num="16" count="24" type="stmt"/>
        <line num="17" count="24" type="stmt"/>
        <line num="19" count="24" type="stmt"/>
        <line num="20" count="24" type="stmt"/>
        <line num="21" count="24" type="stmt"/>
        <line num="23" count="24" type="stmt"/>
        <line num="24" count="3" type="stmt"/>
        <line num="26" count="3" type="cond" truecount="3" falsecount="0"/>
        <line num="27" count="1" type="stmt"/>
        <line num="31" count="1" type="stmt"/>
        <line num="34" count="2" type="stmt"/>
        <line num="35" count="2" type="stmt"/>
        <line num="37" count="1" type="stmt"/>
        <line num="39" count="1" type="stmt"/>
        <line num="44" count="1" type="stmt"/>
        <line num="46" count="1" type="stmt"/>
        <line num="51" count="1" type="stmt"/>
        <line num="55" count="24" type="stmt"/>
        <line num="56" count="3" type="stmt"/>
        <line num="58" count="3" type="cond" truecount="1" falsecount="0"/>
        <line num="59" count="1" type="stmt"/>
        <line num="63" count="1" type="stmt"/>
        <line num="66" count="2" type="cond" truecount="1" falsecount="0"/>
        <line num="67" count="1" type="stmt"/>
        <line num="71" count="1" type="stmt"/>
        <line num="74" count="1" type="stmt"/>
        <line num="80" count="24" type="stmt"/>
        <line num="81" count="1" type="stmt"/>
        <line num="84" count="24" type="stmt"/>
        <line num="98" count="2" type="stmt"/>
        <line num="112" count="2" type="stmt"/>
        <line num="119" count="3" type="stmt"/>
        <line num="140" count="2" type="stmt"/>
        <line num="172" count="4" type="stmt"/>
      </file>
    </package>
    <package name="src.utils.components.Pagination">
      <metrics statements="19" coveredstatements="19" conditionals="4" coveredconditionals="4" methods="7" coveredmethods="7"/>
      <file name="Pagination.tsx" path="C:\Users\Michelle Yalaupari\Documents\github\Bootcamp\BOOTCAMPFRONTEND-REACT-NTT\src\utils\components\Pagination\Pagination.tsx">
        <metrics statements="19" coveredstatements="19" conditionals="4" coveredconditionals="4" methods="7" coveredmethods="7"/>
        <line num="2" count="4" type="stmt"/>
        <line num="4" count="4" type="stmt"/>
        <line num="6" count="4" type="stmt"/>
        <line num="8" count="4" type="stmt"/>
        <line num="9" count="26" type="stmt"/>
        <line num="10" count="26" type="stmt"/>
        <line num="12" count="26" type="stmt"/>
        <line num="13" count="1" type="cond" truecount="1" falsecount="0"/>
        <line num="14" count="1" type="stmt"/>
        <line num="18" count="26" type="stmt"/>
        <line num="19" count="1" type="cond" truecount="1" falsecount="0"/>
        <line num="20" count="1" type="stmt"/>
        <line num="24" count="26" type="stmt"/>
        <line num="25" count="1" type="stmt"/>
        <line num="28" count="26" type="stmt"/>
        <line num="35" count="56" type="stmt"/>
        <line num="36" count="56" type="stmt"/>
        <line num="39" count="1" type="stmt"/>
        <line num="53" count="4" type="stmt"/>
      </file>
    </package>
    <package name="src.utils.components.ProductCard">
      <metrics statements="28" coveredstatements="28" conditionals="17" coveredconditionals="17" methods="5" coveredmethods="5"/>
      <file name="ProductCard.tsx" path="C:\Users\Michelle Yalaupari\Documents\github\Bootcamp\BOOTCAMPFRONTEND-REACT-NTT\src\utils\components\ProductCard\ProductCard.tsx">
        <metrics statements="28" coveredstatements="28" conditionals="17" coveredconditionals="17" methods="5" coveredmethods="5"/>
        <line num="4" count="4" type="stmt"/>
        <line num="6" count="4" type="stmt"/>
        <line num="8" count="4" type="stmt"/>
        <line num="14" count="4" type="stmt"/>
        <line num="15" count="13" type="stmt"/>
        <line num="16" count="13" type="stmt"/>
        <line num="18" count="13" type="stmt"/>
        <line num="20" count="13" type="stmt"/>
        <line num="21" count="13" type="cond" truecount="2" falsecount="0"/>
        <line num="23" count="13" type="stmt"/>
        <line num="25" count="13" type="stmt"/>
        <line num="26" count="1" type="stmt"/>
        <line num="32" count="13" type="stmt"/>
        <line num="33" count="1" type="stmt"/>
        <line num="39" count="13" type="stmt"/>
        <line num="41" count="13" type="stmt"/>
        <line num="42" count="13" type="stmt"/>
        <line num="44" count="13" type="cond" truecount="2" falsecount="0"/>
        <line num="45" count="2" type="cond" truecount="2" falsecount="0"/>
        <line num="46" count="1" type="stmt"/>
        <line num="47" count="1" type="stmt"/>
        <line num="49" count="1" type="stmt"/>
        <line num="50" count="1" type="stmt"/>
        <line num="53" count="11" type="stmt"/>
        <line num="54" count="11" type="stmt"/>
        <line num="57" count="13" type="stmt"/>
        <line num="71" count="24" type="stmt"/>
        <line num="113" count="4" type="stmt"/>
      </file>
    </package>
  </project>
</coverage>
