{"C:\\Users\\Michelle Yalaupari\\Documents\\github\\Bootcamp\\BOOTCAMPFRONTEND-REACT-NTT\\src\\app\\mappers\\ListProducts.ts": {"path":"C:\\Users\\Michelle Yalaupari\\Documents\\github\\Bootcamp\\BOOTCAMPFRONTEND-REACT-NTT\\src\\app\\mappers\\ListProducts.ts","statementMap":{"0":{"start":{"line":3,"column":33},"end":{"line":16,"column":1}},"1":{"start":{"line":4,"column":2},"end":{"line":15,"column":6}},"2":{"start":{"line":4,"column":42},"end":{"line":15,"column":4}},"3":{"start":{"line":3,"column":13},"end":{"line":3,"column":33}}},"fnMap":{"0":{"name":"(anonymous_0)","decl":{"start":{"line":3,"column":33},"end":{"line":3,"column":34}},"loc":{"start":{"line":3,"column":86},"end":{"line":16,"column":1}}},"1":{"name":"(anonymous_1)","decl":{"start":{"line":4,"column":30},"end":{"line":4,"column":37}},"loc":{"start":{"line":4,"column":42},"end":{"line":15,"column":4}}}},"branchMap":{},"s":{"0":1,"1":4,"2":8,"3":1},"f":{"0":4,"1":8},"b":{}}
,"C:\\Users\\Michelle Yalaupari\\Documents\\github\\Bootcamp\\BOOTCAMPFRONTEND-REACT-NTT\\src\\app\\proxy\\categories-request.ts": {"path":"C:\\Users\\Michelle Yalaupari\\Documents\\github\\Bootcamp\\BOOTCAMPFRONTEND-REACT-NTT\\src\\app\\proxy\\categories-request.ts","statementMap":{"0":{"start":{"line":3,"column":25},"end":{"line":3,"column":68}},"1":{"start":{"line":5,"column":22},"end":{"line":21,"column":1}},"2":{"start":{"line":6,"column":2},"end":{"line":20,"column":3}},"3":{"start":{"line":7,"column":21},"end":{"line":7,"column":50}},"4":{"start":{"line":9,"column":4},"end":{"line":11,"column":5}},"5":{"start":{"line":10,"column":6},"end":{"line":10,"column":58}},"6":{"start":{"line":13,"column":17},"end":{"line":13,"column":38}},"7":{"start":{"line":14,"column":4},"end":{"line":14,"column":16}},"8":{"start":{"line":16,"column":4},"end":{"line":18,"column":5}},"9":{"start":{"line":17,"column":6},"end":{"line":17,"column":37}},"10":{"start":{"line":19,"column":4},"end":{"line":19,"column":48}},"11":{"start":{"line":24,"column":13},"end":{"line":26,"column":2}}},"fnMap":{"0":{"name":"(anonymous_0)","decl":{"start":{"line":5,"column":22},"end":{"line":5,"column":27}},"loc":{"start":{"line":5,"column":56},"end":{"line":21,"column":1}}}},"branchMap":{"0":{"loc":{"start":{"line":9,"column":4},"end":{"line":11,"column":5}},"type":"if","locations":[{"start":{"line":9,"column":4},"end":{"line":11,"column":5}}]},"1":{"loc":{"start":{"line":16,"column":4},"end":{"line":18,"column":5}},"type":"if","locations":[{"start":{"line":16,"column":4},"end":{"line":18,"column":5}}]}},"s":{"0":1,"1":1,"2":4,"3":4,"4":2,"5":1,"6":1,"7":1,"8":3,"9":2,"10":1,"11":1},"f":{"0":4},"b":{"0":[1],"1":[2]}}
,"C:\\Users\\Michelle Yalaupari\\Documents\\github\\Bootcamp\\BOOTCAMPFRONTEND-REACT-NTT\\src\\app\\proxy\\products-request.ts": {"path":"C:\\Users\\Michelle Yalaupari\\Documents\\github\\Bootcamp\\BOOTCAMPFRONTEND-REACT-NTT\\src\\app\\proxy\\products-request.ts","statementMap":{"0":{"start":{"line":2,"column":0},"end":{"line":2,"column":60}},"1":{"start":{"line":4,"column":23},"end":{"line":4,"column":55}},"2":{"start":{"line":6,"column":32},"end":{"line":6,"column":33}},"3":{"start":{"line":13,"column":20},"end":{"line":54,"column":1}},"4":{"start":{"line":18,"column":2},"end":{"line":53,"column":3}},"5":{"start":{"line":19,"column":24},"end":{"line":21,"column":22}},"6":{"start":{"line":23,"column":21},"end":{"line":23,"column":37}},"7":{"start":{"line":25,"column":4},"end":{"line":27,"column":5}},"8":{"start":{"line":26,"column":6},"end":{"line":26,"column":56}},"9":{"start":{"line":29,"column":17},"end":{"line":29,"column":38}},"10":{"start":{"line":30,"column":33},"end":{"line":30,"column":65}},"11":{"start":{"line":32,"column":41},"end":{"line":36,"column":16}},"12":{"start":{"line":34,"column":10},"end":{"line":34,"column":68}},"13":{"start":{"line":38,"column":26},"end":{"line":38,"column":49}},"14":{"start":{"line":39,"column":23},"end":{"line":39,"column":65}},"15":{"start":{"line":41,"column":31},"end":{"line":41,"column":59}},"16":{"start":{"line":42,"column":29},"end":{"line":42,"column":57}},"17":{"start":{"line":44,"column":4},"end":{"line":47,"column":6}},"18":{"start":{"line":49,"column":4},"end":{"line":51,"column":5}},"19":{"start":{"line":50,"column":6},"end":{"line":50,"column":18}},"20":{"start":{"line":52,"column":4},"end":{"line":52,"column":46}},"21":{"start":{"line":56,"column":13},"end":{"line":58,"column":2}}},"fnMap":{"0":{"name":"(anonymous_0)","decl":{"start":{"line":13,"column":20},"end":{"line":13,"column":25}},"loc":{"start":{"line":17,"column":32},"end":{"line":54,"column":1}}},"1":{"name":"(anonymous_1)","decl":{"start":{"line":33,"column":24},"end":{"line":33,"column":25}},"loc":{"start":{"line":34,"column":10},"end":{"line":34,"column":68}}}},"branchMap":{"0":{"loc":{"start":{"line":14,"column":2},"end":{"line":14,"column":21}},"type":"default-arg","locations":[{"start":{"line":14,"column":19},"end":{"line":14,"column":21}}]},"1":{"loc":{"start":{"line":15,"column":2},"end":{"line":15,"column":18}},"type":"default-arg","locations":[{"start":{"line":15,"column":17},"end":{"line":15,"column":18}}]},"2":{"loc":{"start":{"line":16,"column":2},"end":{"line":16,"column":23}},"type":"default-arg","locations":[{"start":{"line":16,"column":21},"end":{"line":16,"column":23}}]},"3":{"loc":{"start":{"line":19,"column":24},"end":{"line":21,"column":22}},"type":"cond-expr","locations":[{"start":{"line":20,"column":8},"end":{"line":20,"column":48}},{"start":{"line":21,"column":8},"end":{"line":21,"column":22}}]},"4":{"loc":{"start":{"line":25,"column":4},"end":{"line":27,"column":5}},"type":"if","locations":[{"start":{"line":25,"column":4},"end":{"line":27,"column":5}}]},"5":{"loc":{"start":{"line":32,"column":41},"end":{"line":36,"column":16}},"type":"cond-expr","locations":[{"start":{"line":33,"column":8},"end":{"line":34,"column":null}},{"start":{"line":36,"column":8},"end":{"line":36,"column":16}}]},"6":{"loc":{"start":{"line":49,"column":4},"end":{"line":51,"column":5}},"type":"if","locations":[{"start":{"line":49,"column":4},"end":{"line":51,"column":5}}]},"7":{"loc":{"start":{"line":49,"column":8},"end":{"line":49,"column":84}},"type":"binary-expr","locations":[{"start":{"line":49,"column":8},"end":{"line":49,"column":30}},{"start":{"line":49,"column":34},"end":{"line":49,"column":84}}]}},"s":{"0":1,"1":1,"2":1,"3":1,"4":6,"5":6,"6":6,"7":5,"8":1,"9":4,"10":4,"11":4,"12":2,"13":4,"14":4,"15":4,"16":4,"17":4,"18":2,"19":1,"20":1,"21":1},"f":{"0":6,"1":2},"b":{"0":[3],"1":[4],"2":[5],"3":[1,5],"4":[1],"5":[1,3],"6":[1],"7":[2,2]}}
}
