{"C:\\Users\\Michelle Yalaupari\\Documents\\github\\Bootcamp\\BOOTCAMPFRONTEND-REACT-NTT\\src\\App.tsx": {"path":"C:\\Users\\Michelle Yalaupari\\Documents\\github\\Bootcamp\\BOOTCAMPFRONTEND-REACT-NTT\\src\\App.tsx","statementMap":{"0":{"start":{"line":2,"column":0},"end":{"line":2,"column":59}},"1":{"start":{"line":4,"column":0},"end":{"line":4,"column":44}},"2":{"start":{"line":6,"column":0},"end":{"line":6,"column":41}},"3":{"start":{"line":7,"column":0},"end":{"line":7,"column":53}},"4":{"start":{"line":8,"column":0},"end":{"line":8,"column":41}},"5":{"start":{"line":10,"column":16},"end":{"line":20,"column":1}},"6":{"start":{"line":11,"column":2},"end":{"line":19,"column":4}},"7":{"start":{"line":22,"column":0},"end":{"line":22,"column":19}}},"fnMap":{"0":{"name":"(anonymous_1)","decl":{"start":{"line":10,"column":16},"end":{"line":10,"column":19}},"loc":{"start":{"line":10,"column":21},"end":{"line":20,"column":1}}}},"branchMap":{},"s":{"0":1,"1":1,"2":1,"3":1,"4":1,"5":1,"6":1,"7":1},"f":{"0":1},"b":{}}
,"C:\\Users\\Michelle Yalaupari\\Documents\\github\\Bootcamp\\BOOTCAMPFRONTEND-REACT-NTT\\src\\app\\helper.ts": {"path":"C:\\Users\\Michelle Yalaupari\\Documents\\github\\Bootcamp\\BOOTCAMPFRONTEND-REACT-NTT\\src\\app\\helper.ts","statementMap":{"0":{"start":{"line":1,"column":13},"end":{"line":1,"column":57}},"1":{"start":{"line":2,"column":13},"end":{"line":2,"column":55}},"2":{"start":{"line":3,"column":13},"end":{"line":3,"column":39}}},"fnMap":{},"branchMap":{},"s":{"0":3,"1":3,"2":3},"f":{},"b":{}}
,"C:\\Users\\Michelle Yalaupari\\Documents\\github\\Bootcamp\\BOOTCAMPFRONTEND-REACT-NTT\\src\\app\\routes.ts": {"path":"C:\\Users\\Michelle Yalaupari\\Documents\\github\\Bootcamp\\BOOTCAMPFRONTEND-REACT-NTT\\src\\app\\routes.ts","statementMap":{"0":{"start":{"line":1,"column":0},"end":{"line":1,"column":null}},"1":{"start":{"line":2,"column":2},"end":{"line":2,"column":null}},"2":{"start":{"line":3,"column":2},"end":{"line":3,"column":null}},"3":{"start":{"line":4,"column":2},"end":{"line":4,"column":null}}},"fnMap":{"0":{"name":"(anonymous_0)","decl":{"start":{"line":1,"column":0},"end":{"line":1,"column":18}},"loc":{"start":{"line":1,"column":30},"end":{"line":5,"column":1}}}},"branchMap":{"0":{"loc":{"start":{"line":1,"column":18},"end":{"line":1,"column":null}},"type":"binary-expr","locations":[{"start":{"line":1,"column":18},"end":{"line":1,"column":30}},{"start":{"line":1,"column":30},"end":{"line":1,"column":null}}]}},"s":{"0":4,"1":4,"2":4,"3":4},"f":{"0":4},"b":{"0":[4,4]}}
,"C:\\Users\\Michelle Yalaupari\\Documents\\github\\Bootcamp\\BOOTCAMPFRONTEND-REACT-NTT\\src\\app\\context\\cart.tsx": {"path":"C:\\Users\\Michelle Yalaupari\\Documents\\github\\Bootcamp\\BOOTCAMPFRONTEND-REACT-NTT\\src\\app\\context\\cart.tsx","statementMap":{"0":{"start":{"line":1,"column":0},"end":{"line":1,"column":96}},"1":{"start":{"line":3,"column":0},"end":{"line":3,"column":59}},"2":{"start":{"line":4,"column":0},"end":{"line":4,"column":81}},"3":{"start":{"line":6,"column":28},"end":{"line":6,"column":78}},"4":{"start":{"line":7,"column":31},"end":{"line":7,"column":84}},"5":{"start":{"line":9,"column":53},"end":{"line":34,"column":1}},"6":{"start":{"line":10,"column":42},"end":{"line":10,"column":97}},"7":{"start":{"line":12,"column":26},"end":{"line":12,"column":93}},"8":{"start":{"line":12,"column":32},"end":{"line":12,"column":93}},"9":{"start":{"line":12,"column":68},"end":{"line":12,"column":89}},"10":{"start":{"line":13,"column":23},"end":{"line":13,"column":103}},"11":{"start":{"line":13,"column":29},"end":{"line":13,"column":103}},"12":{"start":{"line":13,"column":65},"end":{"line":13,"column":99}},"13":{"start":{"line":15,"column":38},"end":{"line":19,"column":4}},"14":{"start":{"line":21,"column":28},"end":{"line":21,"column":69}},"15":{"start":{"line":23,"column":2},"end":{"line":25,"column":30}},"16":{"start":{"line":24,"column":4},"end":{"line":24,"column":26}},"17":{"start":{"line":27,"column":2},"end":{"line":33,"column":4}},"18":{"start":{"line":52,"column":9},"end":{"line":52,"column":30}},"19":{"start":{"line":36,"column":30},"end":{"line":42,"column":1}},"20":{"start":{"line":37,"column":18},"end":{"line":37,"column":49}},"21":{"start":{"line":38,"column":2},"end":{"line":40,"column":3}},"22":{"start":{"line":39,"column":4},"end":{"line":39,"column":85}},"23":{"start":{"line":41,"column":2},"end":{"line":41,"column":17}},"24":{"start":{"line":52,"column":32},"end":{"line":52,"column":53}},"25":{"start":{"line":44,"column":33},"end":{"line":50,"column":1}},"26":{"start":{"line":45,"column":18},"end":{"line":45,"column":52}},"27":{"start":{"line":46,"column":2},"end":{"line":48,"column":3}},"28":{"start":{"line":47,"column":4},"end":{"line":47,"column":91}},"29":{"start":{"line":49,"column":2},"end":{"line":49,"column":17}},"30":{"start":{"line":52,"column":55},"end":{"line":52,"column":79}}},"fnMap":{"0":{"name":"(anonymous_0)","decl":{"start":{"line":9,"column":53},"end":{"line":9,"column":54}},"loc":{"start":{"line":9,"column":70},"end":{"line":34,"column":1}}},"1":{"name":"(anonymous_1)","decl":{"start":{"line":12,"column":26},"end":{"line":12,"column":29}},"loc":{"start":{"line":12,"column":32},"end":{"line":12,"column":93}}},"2":{"name":"(anonymous_2)","decl":{"start":{"line":12,"column":51},"end":{"line":12,"column":52}},"loc":{"start":{"line":12,"column":68},"end":{"line":12,"column":89}}},"3":{"name":"(anonymous_3)","decl":{"start":{"line":13,"column":23},"end":{"line":13,"column":26}},"loc":{"start":{"line":13,"column":29},"end":{"line":13,"column":103}}},"4":{"name":"(anonymous_4)","decl":{"start":{"line":13,"column":48},"end":{"line":13,"column":49}},"loc":{"start":{"line":13,"column":65},"end":{"line":13,"column":99}}},"5":{"name":"(anonymous_5)","decl":{"start":{"line":23,"column":12},"end":{"line":23,"column":15}},"loc":{"start":{"line":23,"column":17},"end":{"line":25,"column":3}}},"6":{"name":"(anonymous_6)","decl":{"start":{"line":36,"column":30},"end":{"line":36,"column":47}},"loc":{"start":{"line":36,"column":49},"end":{"line":42,"column":1}}},"7":{"name":"(anonymous_7)","decl":{"start":{"line":44,"column":33},"end":{"line":44,"column":53}},"loc":{"start":{"line":44,"column":55},"end":{"line":50,"column":1}}}},"branchMap":{"0":{"loc":{"start":{"line":38,"column":2},"end":{"line":40,"column":3}},"type":"if","locations":[{"start":{"line":38,"column":2},"end":{"line":40,"column":3}}]},"1":{"loc":{"start":{"line":46,"column":2},"end":{"line":48,"column":3}},"type":"if","locations":[{"start":{"line":46,"column":2},"end":{"line":48,"column":3}}]}},"s":{"0":5,"1":5,"2":5,"3":5,"4":5,"5":5,"6":26,"7":26,"8":8,"9":4,"10":26,"11":8,"12":4,"13":26,"14":26,"15":26,"16":13,"17":26,"18":5,"19":5,"20":23,"21":22,"22":4,"23":18,"24":5,"25":5,"26":17,"27":16,"28":4,"29":12,"30":5},"f":{"0":26,"1":8,"2":4,"3":8,"4":4,"5":13,"6":23,"7":17},"b":{"0":[4],"1":[4]}}
,"C:\\Users\\Michelle Yalaupari\\Documents\\github\\Bootcamp\\BOOTCAMPFRONTEND-REACT-NTT\\src\\app\\context\\client.tsx": {"path":"C:\\Users\\Michelle Yalaupari\\Documents\\github\\Bootcamp\\BOOTCAMPFRONTEND-REACT-NTT\\src\\app\\context\\client.tsx","statementMap":{"0":{"start":{"line":1,"column":0},"end":{"line":1,"column":85}},"1":{"start":{"line":3,"column":0},"end":{"line":3,"column":89}},"2":{"start":{"line":5,"column":30},"end":{"line":5,"column":82}},"3":{"start":{"line":6,"column":33},"end":{"line":6,"column":88}},"4":{"start":{"line":8,"column":55},"end":{"line":18,"column":1}},"5":{"start":{"line":9,"column":28},"end":{"line":9,"column":76}},"6":{"start":{"line":11,"column":2},"end":{"line":17,"column":4}},"7":{"start":{"line":36,"column":9},"end":{"line":36,"column":32}},"8":{"start":{"line":20,"column":32},"end":{"line":26,"column":1}},"9":{"start":{"line":21,"column":18},"end":{"line":21,"column":51}},"10":{"start":{"line":22,"column":2},"end":{"line":24,"column":3}},"11":{"start":{"line":23,"column":4},"end":{"line":23,"column":89}},"12":{"start":{"line":25,"column":2},"end":{"line":25,"column":17}},"13":{"start":{"line":36,"column":34},"end":{"line":36,"column":57}},"14":{"start":{"line":28,"column":35},"end":{"line":34,"column":1}},"15":{"start":{"line":29,"column":18},"end":{"line":29,"column":54}},"16":{"start":{"line":30,"column":2},"end":{"line":32,"column":3}},"17":{"start":{"line":31,"column":4},"end":{"line":31,"column":95}},"18":{"start":{"line":33,"column":2},"end":{"line":33,"column":17}},"19":{"start":{"line":36,"column":59},"end":{"line":36,"column":85}}},"fnMap":{"0":{"name":"(anonymous_0)","decl":{"start":{"line":8,"column":55},"end":{"line":8,"column":56}},"loc":{"start":{"line":8,"column":72},"end":{"line":18,"column":1}}},"1":{"name":"(anonymous_1)","decl":{"start":{"line":20,"column":32},"end":{"line":20,"column":51}},"loc":{"start":{"line":20,"column":53},"end":{"line":26,"column":1}}},"2":{"name":"(anonymous_2)","decl":{"start":{"line":28,"column":35},"end":{"line":28,"column":57}},"loc":{"start":{"line":28,"column":59},"end":{"line":34,"column":1}}}},"branchMap":{"0":{"loc":{"start":{"line":22,"column":2},"end":{"line":24,"column":3}},"type":"if","locations":[{"start":{"line":22,"column":2},"end":{"line":24,"column":3}}]},"1":{"loc":{"start":{"line":30,"column":2},"end":{"line":32,"column":3}},"type":"if","locations":[{"start":{"line":30,"column":2},"end":{"line":32,"column":3}}]}},"s":{"0":4,"1":4,"2":4,"3":4,"4":4,"5":6,"6":6,"7":4,"8":4,"9":8,"10":7,"11":4,"12":3,"13":4,"14":4,"15":6,"16":5,"17":4,"18":1,"19":4},"f":{"0":6,"1":8,"2":6},"b":{"0":[4],"1":[4]}}
,"C:\\Users\\Michelle Yalaupari\\Documents\\github\\Bootcamp\\BOOTCAMPFRONTEND-REACT-NTT\\src\\app\\context\\pagination.tsx": {"path":"C:\\Users\\Michelle Yalaupari\\Documents\\github\\Bootcamp\\BOOTCAMPFRONTEND-REACT-NTT\\src\\app\\context\\pagination.tsx","statementMap":{"0":{"start":{"line":1,"column":0},"end":{"line":1,"column":85}},"1":{"start":{"line":4,"column":0},"end":{"line":4,"column":85}},"2":{"start":{"line":6,"column":34},"end":{"line":6,"column":83}},"3":{"start":{"line":7,"column":37},"end":{"line":7,"column":96}},"4":{"start":{"line":9,"column":59},"end":{"line":19,"column":1}},"5":{"start":{"line":10,"column":28},"end":{"line":10,"column":84}},"6":{"start":{"line":12,"column":2},"end":{"line":18,"column":4}},"7":{"start":{"line":37,"column":9},"end":{"line":37,"column":36}},"8":{"start":{"line":21,"column":36},"end":{"line":27,"column":1}},"9":{"start":{"line":22,"column":18},"end":{"line":22,"column":55}},"10":{"start":{"line":23,"column":2},"end":{"line":25,"column":3}},"11":{"start":{"line":24,"column":4},"end":{"line":24,"column":99}},"12":{"start":{"line":26,"column":2},"end":{"line":26,"column":17}},"13":{"start":{"line":37,"column":38},"end":{"line":37,"column":65}},"14":{"start":{"line":29,"column":39},"end":{"line":35,"column":1}},"15":{"start":{"line":30,"column":18},"end":{"line":30,"column":58}},"16":{"start":{"line":31,"column":2},"end":{"line":33,"column":3}},"17":{"start":{"line":32,"column":4},"end":{"line":32,"column":105}},"18":{"start":{"line":34,"column":2},"end":{"line":34,"column":17}},"19":{"start":{"line":37,"column":67},"end":{"line":37,"column":97}}},"fnMap":{"0":{"name":"(anonymous_0)","decl":{"start":{"line":9,"column":59},"end":{"line":9,"column":60}},"loc":{"start":{"line":9,"column":76},"end":{"line":19,"column":1}}},"1":{"name":"(anonymous_1)","decl":{"start":{"line":21,"column":36},"end":{"line":21,"column":52}},"loc":{"start":{"line":21,"column":54},"end":{"line":27,"column":1}}},"2":{"name":"(anonymous_2)","decl":{"start":{"line":29,"column":39},"end":{"line":29,"column":65}},"loc":{"start":{"line":29,"column":67},"end":{"line":35,"column":1}}}},"branchMap":{"0":{"loc":{"start":{"line":23,"column":2},"end":{"line":25,"column":3}},"type":"if","locations":[{"start":{"line":23,"column":2},"end":{"line":25,"column":3}}]},"1":{"loc":{"start":{"line":31,"column":2},"end":{"line":33,"column":3}},"type":"if","locations":[{"start":{"line":31,"column":2},"end":{"line":33,"column":3}}]}},"s":{"0":5,"1":5,"2":5,"3":5,"4":5,"5":24,"6":24,"7":5,"8":5,"9":44,"10":43,"11":4,"12":39,"13":5,"14":5,"15":44,"16":43,"17":4,"18":39,"19":5},"f":{"0":24,"1":44,"2":44},"b":{"0":[4],"1":[4]}}
,"C:\\Users\\Michelle Yalaupari\\Documents\\github\\Bootcamp\\BOOTCAMPFRONTEND-REACT-NTT\\src\\app\\context\\search.tsx": {"path":"C:\\Users\\Michelle Yalaupari\\Documents\\github\\Bootcamp\\BOOTCAMPFRONTEND-REACT-NTT\\src\\app\\context\\search.tsx","statementMap":{"0":{"start":{"line":1,"column":0},"end":{"line":1,"column":75}},"1":{"start":{"line":8,"column":30},"end":{"line":8,"column":85}},"2":{"start":{"line":9,"column":30},"end":{"line":9,"column":92}},"3":{"start":{"line":11,"column":61},"end":{"line":23,"column":1}},"4":{"start":{"line":12,"column":38},"end":{"line":12,"column":58}},"5":{"start":{"line":14,"column":19},"end":{"line":14,"column":56}},"6":{"start":{"line":14,"column":37},"end":{"line":14,"column":56}},"7":{"start":{"line":16,"column":2},"end":{"line":22,"column":4}},"8":{"start":{"line":41,"column":9},"end":{"line":41,"column":32}},"9":{"start":{"line":25,"column":32},"end":{"line":31,"column":1}},"10":{"start":{"line":26,"column":18},"end":{"line":26,"column":51}},"11":{"start":{"line":27,"column":2},"end":{"line":29,"column":3}},"12":{"start":{"line":28,"column":4},"end":{"line":28,"column":89}},"13":{"start":{"line":30,"column":2},"end":{"line":30,"column":17}},"14":{"start":{"line":41,"column":34},"end":{"line":41,"column":57}},"15":{"start":{"line":33,"column":35},"end":{"line":39,"column":1}},"16":{"start":{"line":34,"column":18},"end":{"line":34,"column":51}},"17":{"start":{"line":35,"column":2},"end":{"line":37,"column":3}},"18":{"start":{"line":36,"column":4},"end":{"line":36,"column":92}},"19":{"start":{"line":38,"column":2},"end":{"line":38,"column":17}},"20":{"start":{"line":41,"column":59},"end":{"line":41,"column":85}}},"fnMap":{"0":{"name":"(anonymous_0)","decl":{"start":{"line":11,"column":61},"end":{"line":11,"column":62}},"loc":{"start":{"line":11,"column":78},"end":{"line":23,"column":1}}},"1":{"name":"(anonymous_1)","decl":{"start":{"line":14,"column":19},"end":{"line":14,"column":20}},"loc":{"start":{"line":14,"column":37},"end":{"line":14,"column":56}}},"2":{"name":"(anonymous_2)","decl":{"start":{"line":25,"column":32},"end":{"line":25,"column":54}},"loc":{"start":{"line":25,"column":56},"end":{"line":31,"column":1}}},"3":{"name":"(anonymous_3)","decl":{"start":{"line":33,"column":35},"end":{"line":33,"column":64}},"loc":{"start":{"line":33,"column":66},"end":{"line":39,"column":1}}}},"branchMap":{"0":{"loc":{"start":{"line":27,"column":2},"end":{"line":29,"column":3}},"type":"if","locations":[{"start":{"line":27,"column":2},"end":{"line":29,"column":3}}]},"1":{"loc":{"start":{"line":35,"column":2},"end":{"line":37,"column":3}},"type":"if","locations":[{"start":{"line":35,"column":2},"end":{"line":37,"column":3}}]}},"s":{"0":5,"1":5,"2":5,"3":5,"4":12,"5":12,"6":1,"7":12,"8":5,"9":5,"10":30,"11":28,"12":4,"13":24,"14":5,"15":5,"16":7,"17":6,"18":4,"19":2,"20":5},"f":{"0":12,"1":1,"2":30,"3":7},"b":{"0":[4],"1":[4]}}
,"C:\\Users\\Michelle Yalaupari\\Documents\\github\\Bootcamp\\BOOTCAMPFRONTEND-REACT-NTT\\src\\app\\domain\\types\\app-cart.ts": {"path":"C:\\Users\\Michelle Yalaupari\\Documents\\github\\Bootcamp\\BOOTCAMPFRONTEND-REACT-NTT\\src\\app\\domain\\types\\app-cart.ts","statementMap":{"0":{"start":{"line":6,"column":0},"end":{"line":6,"column":null}},"1":{"start":{"line":7,"column":4},"end":{"line":7,"column":null}},"2":{"start":{"line":8,"column":4},"end":{"line":8,"column":null}},"3":{"start":{"line":9,"column":4},"end":{"line":9,"column":null}},"4":{"start":{"line":10,"column":4},"end":{"line":10,"column":null}}},"fnMap":{"0":{"name":"(anonymous_0)","decl":{"start":{"line":6,"column":0},"end":{"line":6,"column":18}},"loc":{"start":{"line":6,"column":32},"end":{"line":11,"column":1}}}},"branchMap":{"0":{"loc":{"start":{"line":6,"column":18},"end":{"line":6,"column":null}},"type":"binary-expr","locations":[{"start":{"line":6,"column":18},"end":{"line":6,"column":32}},{"start":{"line":6,"column":32},"end":{"line":6,"column":null}}]}},"s":{"0":9,"1":9,"2":9,"3":9,"4":9},"f":{"0":9},"b":{"0":[9,9]}}
,"C:\\Users\\Michelle Yalaupari\\Documents\\github\\Bootcamp\\BOOTCAMPFRONTEND-REACT-NTT\\src\\app\\domain\\types\\app-client.ts": {"path":"C:\\Users\\Michelle Yalaupari\\Documents\\github\\Bootcamp\\BOOTCAMPFRONTEND-REACT-NTT\\src\\app\\domain\\types\\app-client.ts","statementMap":{"0":{"start":{"line":6,"column":0},"end":{"line":6,"column":null}},"1":{"start":{"line":7,"column":2},"end":{"line":7,"column":null}},"2":{"start":{"line":8,"column":2},"end":{"line":8,"column":null}},"3":{"start":{"line":9,"column":2},"end":{"line":9,"column":null}}},"fnMap":{"0":{"name":"(anonymous_0)","decl":{"start":{"line":6,"column":0},"end":{"line":6,"column":18}},"loc":{"start":{"line":6,"column":34},"end":{"line":10,"column":1}}}},"branchMap":{"0":{"loc":{"start":{"line":6,"column":18},"end":{"line":6,"column":null}},"type":"binary-expr","locations":[{"start":{"line":6,"column":18},"end":{"line":6,"column":34}},{"start":{"line":6,"column":34},"end":{"line":6,"column":null}}]}},"s":{"0":5,"1":5,"2":5,"3":5},"f":{"0":5},"b":{"0":[5,5]}}
,"C:\\Users\\Michelle Yalaupari\\Documents\\github\\Bootcamp\\BOOTCAMPFRONTEND-REACT-NTT\\src\\app\\domain\\types\\app-pagination.ts": {"path":"C:\\Users\\Michelle Yalaupari\\Documents\\github\\Bootcamp\\BOOTCAMPFRONTEND-REACT-NTT\\src\\app\\domain\\types\\app-pagination.ts","statementMap":{"0":{"start":{"line":6,"column":0},"end":{"line":6,"column":null}},"1":{"start":{"line":7,"column":2},"end":{"line":7,"column":null}},"2":{"start":{"line":8,"column":2},"end":{"line":8,"column":null}},"3":{"start":{"line":9,"column":2},"end":{"line":9,"column":null}}},"fnMap":{"0":{"name":"(anonymous_0)","decl":{"start":{"line":6,"column":0},"end":{"line":6,"column":18}},"loc":{"start":{"line":6,"column":38},"end":{"line":10,"column":1}}}},"branchMap":{"0":{"loc":{"start":{"line":6,"column":18},"end":{"line":6,"column":null}},"type":"binary-expr","locations":[{"start":{"line":6,"column":18},"end":{"line":6,"column":38}},{"start":{"line":6,"column":38},"end":{"line":6,"column":null}}]}},"s":{"0":7,"1":7,"2":7,"3":7},"f":{"0":7},"b":{"0":[7,7]}}
,"C:\\Users\\Michelle Yalaupari\\Documents\\github\\Bootcamp\\BOOTCAMPFRONTEND-REACT-NTT\\src\\app\\hooks\\useDistricts.ts": {"path":"C:\\Users\\Michelle Yalaupari\\Documents\\github\\Bootcamp\\BOOTCAMPFRONTEND-REACT-NTT\\src\\app\\hooks\\useDistricts.ts","statementMap":{"0":{"start":{"line":1,"column":0},"end":{"line":1,"column":44}},"1":{"start":{"line":7,"column":28},"end":{"line":31,"column":1}},"2":{"start":{"line":8,"column":38},"end":{"line":8,"column":60}},"3":{"start":{"line":10,"column":4},"end":{"line":28,"column":11}},"4":{"start":{"line":11,"column":31},"end":{"line":25,"column":9}},"5":{"start":{"line":12,"column":12},"end":{"line":24,"column":13}},"6":{"start":{"line":13,"column":33},"end":{"line":13,"column":68}},"7":{"start":{"line":14,"column":16},"end":{"line":16,"column":17}},"8":{"start":{"line":15,"column":20},"end":{"line":15,"column":89}},"9":{"start":{"line":17,"column":48},"end":{"line":17,"column":69}},"10":{"start":{"line":18,"column":16},"end":{"line":18,"column":45}},"11":{"start":{"line":20,"column":16},"end":{"line":22,"column":17}},"12":{"start":{"line":21,"column":20},"end":{"line":21,"column":47}},"13":{"start":{"line":23,"column":16},"end":{"line":23,"column":33}},"14":{"start":{"line":27,"column":8},"end":{"line":27,"column":25}},"15":{"start":{"line":30,"column":4},"end":{"line":30,"column":25}},"16":{"start":{"line":7,"column":13},"end":{"line":7,"column":28}}},"fnMap":{"0":{"name":"(anonymous_0)","decl":{"start":{"line":7,"column":28},"end":{"line":7,"column":56}},"loc":{"start":{"line":7,"column":58},"end":{"line":31,"column":1}}},"1":{"name":"(anonymous_1)","decl":{"start":{"line":10,"column":14},"end":{"line":10,"column":17}},"loc":{"start":{"line":10,"column":19},"end":{"line":28,"column":5}}},"2":{"name":"(anonymous_2)","decl":{"start":{"line":11,"column":31},"end":{"line":11,"column":36}},"loc":{"start":{"line":11,"column":42},"end":{"line":25,"column":9}}}},"branchMap":{"0":{"loc":{"start":{"line":14,"column":16},"end":{"line":16,"column":17}},"type":"if","locations":[{"start":{"line":14,"column":16},"end":{"line":16,"column":17}}]},"1":{"loc":{"start":{"line":20,"column":16},"end":{"line":22,"column":17}},"type":"if","locations":[{"start":{"line":20,"column":16},"end":{"line":22,"column":17}}]}},"s":{"0":2,"1":2,"2":6,"3":6,"4":3,"5":3,"6":3,"7":2,"8":1,"9":1,"10":1,"11":2,"12":2,"13":2,"14":3,"15":6,"16":2},"f":{"0":6,"1":3,"2":3},"b":{"0":[1],"1":[2]}}
,"C:\\Users\\Michelle Yalaupari\\Documents\\github\\Bootcamp\\BOOTCAMPFRONTEND-REACT-NTT\\src\\app\\hooks\\useGeneratorId.ts": {"path":"C:\\Users\\Michelle Yalaupari\\Documents\\github\\Bootcamp\\BOOTCAMPFRONTEND-REACT-NTT\\src\\app\\hooks\\useGeneratorId.ts","statementMap":{"0":{"start":{"line":1,"column":0},"end":{"line":1,"column":36}},"1":{"start":{"line":3,"column":30},"end":{"line":13,"column":1}},"2":{"start":{"line":4,"column":29},"end":{"line":8,"column":10}},"3":{"start":{"line":5,"column":26},"end":{"line":5,"column":49}},"4":{"start":{"line":6,"column":29},"end":{"line":6,"column":71}},"5":{"start":{"line":7,"column":8},"end":{"line":7,"column":46}},"6":{"start":{"line":10,"column":4},"end":{"line":12,"column":6}},"7":{"start":{"line":3,"column":13},"end":{"line":3,"column":30}}},"fnMap":{"0":{"name":"(anonymous_0)","decl":{"start":{"line":3,"column":30},"end":{"line":3,"column":33}},"loc":{"start":{"line":3,"column":35},"end":{"line":13,"column":1}}},"1":{"name":"(anonymous_1)","decl":{"start":{"line":4,"column":41},"end":{"line":4,"column":52}},"loc":{"start":{"line":4,"column":54},"end":{"line":8,"column":5}}}},"branchMap":{},"s":{"0":2,"1":2,"2":1,"3":2,"4":2,"5":2,"6":1,"7":2},"f":{"0":1,"1":2},"b":{}}
,"C:\\Users\\Michelle Yalaupari\\Documents\\github\\Bootcamp\\BOOTCAMPFRONTEND-REACT-NTT\\src\\app\\hooks\\useLocalStorage.ts": {"path":"C:\\Users\\Michelle Yalaupari\\Documents\\github\\Bootcamp\\BOOTCAMPFRONTEND-REACT-NTT\\src\\app\\hooks\\useLocalStorage.ts","statementMap":{"0":{"start":{"line":1,"column":0},"end":{"line":1,"column":44}},"1":{"start":{"line":3,"column":31},"end":{"line":17,"column":1}},"2":{"start":{"line":4,"column":42},"end":{"line":7,"column":6}},"3":{"start":{"line":5,"column":21},"end":{"line":5,"column":53}},"4":{"start":{"line":6,"column":8},"end":{"line":6,"column":54}},"5":{"start":{"line":9,"column":4},"end":{"line":11,"column":27}},"6":{"start":{"line":10,"column":8},"end":{"line":10,"column":70}},"7":{"start":{"line":13,"column":4},"end":{"line":16,"column":6}},"8":{"start":{"line":3,"column":13},"end":{"line":3,"column":31}}},"fnMap":{"0":{"name":"(anonymous_0)","decl":{"start":{"line":3,"column":31},"end":{"line":3,"column":35}},"loc":{"start":{"line":3,"column":67},"end":{"line":17,"column":1}}},"1":{"name":"(anonymous_1)","decl":{"start":{"line":4,"column":54},"end":{"line":4,"column":57}},"loc":{"start":{"line":4,"column":59},"end":{"line":7,"column":5}}},"2":{"name":"(anonymous_2)","decl":{"start":{"line":9,"column":14},"end":{"line":9,"column":17}},"loc":{"start":{"line":9,"column":19},"end":{"line":11,"column":5}}}},"branchMap":{"0":{"loc":{"start":{"line":6,"column":15},"end":{"line":6,"column":53}},"type":"cond-expr","locations":[{"start":{"line":6,"column":22},"end":{"line":6,"column":38}},{"start":{"line":6,"column":41},"end":{"line":6,"column":53}}]}},"s":{"0":7,"1":7,"2":37,"3":17,"4":17,"5":37,"6":35,"7":37,"8":7},"f":{"0":37,"1":17,"2":35},"b":{"0":[6,11]}}
,"C:\\Users\\Michelle Yalaupari\\Documents\\github\\Bootcamp\\BOOTCAMPFRONTEND-REACT-NTT\\src\\app\\hooks\\useValidation.ts": {"path":"C:\\Users\\Michelle Yalaupari\\Documents\\github\\Bootcamp\\BOOTCAMPFRONTEND-REACT-NTT\\src\\app\\hooks\\useValidation.ts","statementMap":{"0":{"start":{"line":1,"column":0},"end":{"line":1,"column":68}},"1":{"start":{"line":2,"column":0},"end":{"line":21,"column":2}},"2":{"start":{"line":4,"column":25},"end":{"line":6,"column":5}},"3":{"start":{"line":5,"column":8},"end":{"line":5,"column":38}},"4":{"start":{"line":8,"column":25},"end":{"line":10,"column":5}},"5":{"start":{"line":9,"column":8},"end":{"line":9,"column":40}},"6":{"start":{"line":12,"column":22},"end":{"line":14,"column":5}},"7":{"start":{"line":13,"column":8},"end":{"line":13,"column":39}},"8":{"start":{"line":16,"column":4},"end":{"line":20,"column":6}}},"fnMap":{"0":{"name":"(anonymous_0)","decl":{"start":{"line":2,"column":15},"end":{"line":2,"column":18}},"loc":{"start":{"line":2,"column":20},"end":{"line":21,"column":1}}},"1":{"name":"(anonymous_1)","decl":{"start":{"line":4,"column":25},"end":{"line":4,"column":26}},"loc":{"start":{"line":4,"column":43},"end":{"line":6,"column":5}}},"2":{"name":"(anonymous_2)","decl":{"start":{"line":8,"column":25},"end":{"line":8,"column":26}},"loc":{"start":{"line":8,"column":42},"end":{"line":10,"column":5}}},"3":{"name":"(anonymous_3)","decl":{"start":{"line":12,"column":22},"end":{"line":12,"column":23}},"loc":{"start":{"line":12,"column":39},"end":{"line":14,"column":5}}}},"branchMap":{},"s":{"0":3,"1":3,"2":40,"3":13,"4":40,"5":30,"6":40,"7":14,"8":40},"f":{"0":40,"1":13,"2":30,"3":14},"b":{}}
,"C:\\Users\\Michelle Yalaupari\\Documents\\github\\Bootcamp\\BOOTCAMPFRONTEND-REACT-NTT\\src\\app\\mappers\\ListProducts.ts": {"path":"C:\\Users\\Michelle Yalaupari\\Documents\\github\\Bootcamp\\BOOTCAMPFRONTEND-REACT-NTT\\src\\app\\mappers\\ListProducts.ts","statementMap":{"0":{"start":{"line":3,"column":33},"end":{"line":16,"column":1}},"1":{"start":{"line":4,"column":2},"end":{"line":15,"column":6}},"2":{"start":{"line":4,"column":42},"end":{"line":15,"column":4}},"3":{"start":{"line":3,"column":13},"end":{"line":3,"column":33}}},"fnMap":{"0":{"name":"(anonymous_0)","decl":{"start":{"line":3,"column":33},"end":{"line":3,"column":34}},"loc":{"start":{"line":3,"column":86},"end":{"line":16,"column":1}}},"1":{"name":"(anonymous_1)","decl":{"start":{"line":4,"column":30},"end":{"line":4,"column":37}},"loc":{"start":{"line":4,"column":42},"end":{"line":15,"column":4}}}},"branchMap":{},"s":{"0":2,"1":4,"2":8,"3":2},"f":{"0":4,"1":8},"b":{}}
,"C:\\Users\\Michelle Yalaupari\\Documents\\github\\Bootcamp\\BOOTCAMPFRONTEND-REACT-NTT\\src\\app\\mappers\\ListProductsClient.ts": {"path":"C:\\Users\\Michelle Yalaupari\\Documents\\github\\Bootcamp\\BOOTCAMPFRONTEND-REACT-NTT\\src\\app\\mappers\\ListProductsClient.ts","statementMap":{"0":{"start":{"line":4,"column":40},"end":{"line":12,"column":1}},"1":{"start":{"line":5,"column":4},"end":{"line":11,"column":8}},"2":{"start":{"line":5,"column":29},"end":{"line":11,"column":6}},"3":{"start":{"line":4,"column":13},"end":{"line":4,"column":40}}},"fnMap":{"0":{"name":"(anonymous_0)","decl":{"start":{"line":4,"column":40},"end":{"line":4,"column":41}},"loc":{"start":{"line":4,"column":78},"end":{"line":12,"column":1}}},"1":{"name":"(anonymous_1)","decl":{"start":{"line":5,"column":20},"end":{"line":5,"column":24}},"loc":{"start":{"line":5,"column":29},"end":{"line":11,"column":6}}}},"branchMap":{},"s":{"0":2,"1":3,"2":2,"3":2},"f":{"0":3,"1":2},"b":{}}
,"C:\\Users\\Michelle Yalaupari\\Documents\\github\\Bootcamp\\BOOTCAMPFRONTEND-REACT-NTT\\src\\app\\mappers\\PaginatedProducts.ts": {"path":"C:\\Users\\Michelle Yalaupari\\Documents\\github\\Bootcamp\\BOOTCAMPFRONTEND-REACT-NTT\\src\\app\\mappers\\PaginatedProducts.ts","statementMap":{"0":{"start":{"line":3,"column":39},"end":{"line":28,"column":1}},"1":{"start":{"line":9,"column":4},"end":{"line":9,"column":27}},"2":{"start":{"line":10,"column":4},"end":{"line":10,"column":31}},"3":{"start":{"line":12,"column":29},"end":{"line":16,"column":18}},"4":{"start":{"line":14,"column":12},"end":{"line":14,"column":70}},"5":{"start":{"line":18,"column":26},"end":{"line":18,"column":49}},"6":{"start":{"line":19,"column":23},"end":{"line":19,"column":65}},"7":{"start":{"line":21,"column":31},"end":{"line":21,"column":59}},"8":{"start":{"line":22,"column":29},"end":{"line":22,"column":57}},"9":{"start":{"line":24,"column":4},"end":{"line":27,"column":6}},"10":{"start":{"line":3,"column":13},"end":{"line":3,"column":39}}},"fnMap":{"0":{"name":"(anonymous_0)","decl":{"start":{"line":3,"column":39},"end":{"line":3,"column":null}},"loc":{"start":{"line":8,"column":4},"end":{"line":28,"column":1}}},"1":{"name":"(anonymous_1)","decl":{"start":{"line":13,"column":26},"end":{"line":13,"column":27}},"loc":{"start":{"line":14,"column":12},"end":{"line":14,"column":70}}}},"branchMap":{"0":{"loc":{"start":{"line":6,"column":4},"end":{"line":6,"column":20}},"type":"default-arg","locations":[{"start":{"line":6,"column":19},"end":{"line":6,"column":20}}]},"1":{"loc":{"start":{"line":7,"column":4},"end":{"line":7,"column":31}},"type":"default-arg","locations":[{"start":{"line":7,"column":30},"end":{"line":7,"column":31}}]},"2":{"loc":{"start":{"line":10,"column":11},"end":{"line":10,"column":30}},"type":"cond-expr","locations":[{"start":{"line":10,"column":22},"end":{"line":10,"column":23}},{"start":{"line":10,"column":26},"end":{"line":10,"column":30}}]},"3":{"loc":{"start":{"line":12,"column":29},"end":{"line":16,"column":18}},"type":"cond-expr","locations":[{"start":{"line":13,"column":10},"end":{"line":14,"column":null}},{"start":{"line":16,"column":10},"end":{"line":16,"column":18}}]}},"s":{"0":3,"1":8,"2":8,"3":8,"4":2,"5":8,"6":8,"7":8,"8":8,"9":8,"10":3},"f":{"0":8,"1":2},"b":{"0":[1],"1":[4],"2":[1,7],"3":[1,7]}}
,"C:\\Users\\Michelle Yalaupari\\Documents\\github\\Bootcamp\\BOOTCAMPFRONTEND-REACT-NTT\\src\\app\\pages\\Cart\\Cart.tsx": {"path":"C:\\Users\\Michelle Yalaupari\\Documents\\github\\Bootcamp\\BOOTCAMPFRONTEND-REACT-NTT\\src\\app\\pages\\Cart\\Cart.tsx","statementMap":{"0":{"start":{"line":1,"column":0},"end":{"line":1,"column":38}},"1":{"start":{"line":3,"column":0},"end":{"line":3,"column":62}},"2":{"start":{"line":5,"column":0},"end":{"line":5,"column":91}},"3":{"start":{"line":8,"column":0},"end":{"line":8,"column":65}},"4":{"start":{"line":10,"column":0},"end":{"line":10,"column":70}},"5":{"start":{"line":11,"column":0},"end":{"line":11,"column":67}},"6":{"start":{"line":13,"column":0},"end":{"line":13,"column":20}},"7":{"start":{"line":15,"column":17},"end":{"line":37,"column":1}},"8":{"start":{"line":16,"column":22},"end":{"line":16,"column":47}},"9":{"start":{"line":17,"column":22},"end":{"line":17,"column":50}},"10":{"start":{"line":19,"column":29},"end":{"line":19,"column":69}},"11":{"start":{"line":21,"column":21},"end":{"line":23,"column":3}},"12":{"start":{"line":22,"column":4},"end":{"line":22,"column":75}},"13":{"start":{"line":25,"column":2},"end":{"line":27,"column":16}},"14":{"start":{"line":26,"column":4},"end":{"line":26,"column":28}},"15":{"start":{"line":29,"column":2},"end":{"line":36,"column":4}},"16":{"start":{"line":39,"column":0},"end":{"line":39,"column":20}}},"fnMap":{"0":{"name":"(anonymous_1)","decl":{"start":{"line":15,"column":17},"end":{"line":15,"column":20}},"loc":{"start":{"line":15,"column":22},"end":{"line":37,"column":1}}},"1":{"name":"(anonymous_2)","decl":{"start":{"line":21,"column":21},"end":{"line":21,"column":22}},"loc":{"start":{"line":21,"column":49},"end":{"line":23,"column":3}}},"2":{"name":"(anonymous_3)","decl":{"start":{"line":25,"column":12},"end":{"line":25,"column":15}},"loc":{"start":{"line":25,"column":17},"end":{"line":27,"column":3}}}},"branchMap":{},"s":{"0":2,"1":2,"2":2,"3":2,"4":2,"5":2,"6":2,"7":2,"8":2,"9":2,"10":2,"11":2,"12":1,"13":2,"14":1,"15":2,"16":2},"f":{"0":2,"1":1,"2":1},"b":{}}
,"C:\\Users\\Michelle Yalaupari\\Documents\\github\\Bootcamp\\BOOTCAMPFRONTEND-REACT-NTT\\src\\app\\pages\\Category\\Category.tsx": {"path":"C:\\Users\\Michelle Yalaupari\\Documents\\github\\Bootcamp\\BOOTCAMPFRONTEND-REACT-NTT\\src\\app\\pages\\Category\\Category.tsx","statementMap":{"0":{"start":{"line":1,"column":0},"end":{"line":1,"column":48}},"1":{"start":{"line":2,"column":0},"end":{"line":2,"column":45}},"2":{"start":{"line":5,"column":0},"end":{"line":5,"column":73}},"3":{"start":{"line":7,"column":0},"end":{"line":7,"column":63}},"4":{"start":{"line":9,"column":0},"end":{"line":9,"column":63}},"5":{"start":{"line":10,"column":0},"end":{"line":10,"column":103}},"6":{"start":{"line":12,"column":0},"end":{"line":12,"column":76}},"7":{"start":{"line":13,"column":0},"end":{"line":13,"column":73}},"8":{"start":{"line":15,"column":0},"end":{"line":15,"column":24}},"9":{"start":{"line":17,"column":21},"end":{"line":58,"column":1}},"10":{"start":{"line":18,"column":25},"end":{"line":18,"column":60}},"11":{"start":{"line":20,"column":25},"end":{"line":20,"column":50}},"12":{"start":{"line":21,"column":26},"end":{"line":21,"column":55}},"13":{"start":{"line":22,"column":19},"end":{"line":22,"column":51}},"14":{"start":{"line":24,"column":34},"end":{"line":24,"column":67}},"15":{"start":{"line":26,"column":25},"end":{"line":30,"column":3}},"16":{"start":{"line":27,"column":17},"end":{"line":27,"column":87}},"17":{"start":{"line":28,"column":4},"end":{"line":28,"column":31}},"18":{"start":{"line":29,"column":4},"end":{"line":29,"column":87}},"19":{"start":{"line":32,"column":2},"end":{"line":34,"column":41}},"20":{"start":{"line":33,"column":4},"end":{"line":33,"column":61}},"21":{"start":{"line":36,"column":2},"end":{"line":38,"column":44}},"22":{"start":{"line":37,"column":4},"end":{"line":37,"column":21}},"23":{"start":{"line":40,"column":2},"end":{"line":57,"column":4}},"24":{"start":{"line":46,"column":14},"end":{"line":46,"column":44}},"25":{"start":{"line":60,"column":0},"end":{"line":60,"column":24}}},"fnMap":{"0":{"name":"(anonymous_1)","decl":{"start":{"line":17,"column":21},"end":{"line":17,"column":24}},"loc":{"start":{"line":17,"column":26},"end":{"line":58,"column":1}}},"1":{"name":"(anonymous_2)","decl":{"start":{"line":26,"column":25},"end":{"line":26,"column":30}},"loc":{"start":{"line":26,"column":36},"end":{"line":30,"column":3}}},"2":{"name":"(anonymous_3)","decl":{"start":{"line":32,"column":12},"end":{"line":32,"column":15}},"loc":{"start":{"line":32,"column":17},"end":{"line":34,"column":3}}},"3":{"name":"(anonymous_4)","decl":{"start":{"line":36,"column":12},"end":{"line":36,"column":15}},"loc":{"start":{"line":36,"column":17},"end":{"line":38,"column":3}}},"4":{"name":"(anonymous_5)","decl":{"start":{"line":45,"column":25},"end":{"line":45,"column":26}},"loc":{"start":{"line":46,"column":14},"end":{"line":46,"column":44}}}},"branchMap":{"0":{"loc":{"start":{"line":43,"column":9},"end":{"line":52,"column":null}},"type":"cond-expr","locations":[{"start":{"line":44,"column":10},"end":{"line":49,"column":null}},{"start":{"line":52,"column":10},"end":{"line":52,"column":36}}]},"1":{"loc":{"start":{"line":44,"column":10},"end":{"line":49,"column":null}},"type":"cond-expr","locations":[{"start":{"line":45,"column":12},"end":{"line":47,"column":14}},{"start":{"line":49,"column":12},"end":{"line":49,"column":37}}]}},"s":{"0":2,"1":2,"2":2,"3":2,"4":2,"5":2,"6":2,"7":2,"8":2,"9":2,"10":9,"11":8,"12":8,"13":8,"14":8,"15":8,"16":3,"17":3,"18":3,"19":8,"20":3,"21":8,"22":3,"23":8,"24":2,"25":2},"f":{"0":9,"1":3,"2":3,"3":3,"4":2},"b":{"0":[2,6],"1":[1,1]}}
,"C:\\Users\\Michelle Yalaupari\\Documents\\github\\Bootcamp\\BOOTCAMPFRONTEND-REACT-NTT\\src\\app\\pages\\Init\\Init.tsx": {"path":"C:\\Users\\Michelle Yalaupari\\Documents\\github\\Bootcamp\\BOOTCAMPFRONTEND-REACT-NTT\\src\\app\\pages\\Init\\Init.tsx","statementMap":{"0":{"start":{"line":1,"column":0},"end":{"line":1,"column":48}},"1":{"start":{"line":4,"column":0},"end":{"line":4,"column":73}},"2":{"start":{"line":6,"column":0},"end":{"line":6,"column":63}},"3":{"start":{"line":8,"column":0},"end":{"line":8,"column":63}},"4":{"start":{"line":9,"column":0},"end":{"line":9,"column":103}},"5":{"start":{"line":11,"column":0},"end":{"line":11,"column":76}},"6":{"start":{"line":12,"column":0},"end":{"line":12,"column":73}},"7":{"start":{"line":14,"column":0},"end":{"line":14,"column":20}},"8":{"start":{"line":16,"column":17},"end":{"line":55,"column":1}},"9":{"start":{"line":17,"column":25},"end":{"line":17,"column":50}},"10":{"start":{"line":18,"column":26},"end":{"line":18,"column":55}},"11":{"start":{"line":19,"column":19},"end":{"line":19,"column":51}},"12":{"start":{"line":21,"column":34},"end":{"line":21,"column":67}},"13":{"start":{"line":23,"column":25},"end":{"line":27,"column":3}},"14":{"start":{"line":24,"column":19},"end":{"line":24,"column":77}},"15":{"start":{"line":25,"column":6},"end":{"line":25,"column":33}},"16":{"start":{"line":26,"column":6},"end":{"line":26,"column":89}},"17":{"start":{"line":29,"column":2},"end":{"line":31,"column":29}},"18":{"start":{"line":30,"column":4},"end":{"line":30,"column":61}},"19":{"start":{"line":33,"column":2},"end":{"line":35,"column":32}},"20":{"start":{"line":34,"column":4},"end":{"line":34,"column":21}},"21":{"start":{"line":37,"column":2},"end":{"line":54,"column":4}},"22":{"start":{"line":43,"column":14},"end":{"line":43,"column":44}},"23":{"start":{"line":57,"column":0},"end":{"line":57,"column":20}}},"fnMap":{"0":{"name":"(anonymous_1)","decl":{"start":{"line":16,"column":17},"end":{"line":16,"column":20}},"loc":{"start":{"line":16,"column":22},"end":{"line":55,"column":1}}},"1":{"name":"(anonymous_2)","decl":{"start":{"line":23,"column":25},"end":{"line":23,"column":30}},"loc":{"start":{"line":23,"column":36},"end":{"line":27,"column":3}}},"2":{"name":"(anonymous_3)","decl":{"start":{"line":29,"column":12},"end":{"line":29,"column":15}},"loc":{"start":{"line":29,"column":17},"end":{"line":31,"column":3}}},"3":{"name":"(anonymous_4)","decl":{"start":{"line":33,"column":12},"end":{"line":33,"column":15}},"loc":{"start":{"line":33,"column":17},"end":{"line":35,"column":3}}},"4":{"name":"(anonymous_5)","decl":{"start":{"line":42,"column":25},"end":{"line":42,"column":26}},"loc":{"start":{"line":43,"column":14},"end":{"line":43,"column":44}}}},"branchMap":{"0":{"loc":{"start":{"line":40,"column":9},"end":{"line":49,"column":null}},"type":"cond-expr","locations":[{"start":{"line":41,"column":10},"end":{"line":46,"column":null}},{"start":{"line":49,"column":10},"end":{"line":49,"column":36}}]},"1":{"loc":{"start":{"line":41,"column":10},"end":{"line":46,"column":null}},"type":"cond-expr","locations":[{"start":{"line":42,"column":12},"end":{"line":44,"column":14}},{"start":{"line":46,"column":12},"end":{"line":46,"column":37}}]}},"s":{"0":2,"1":2,"2":2,"3":2,"4":2,"5":2,"6":2,"7":2,"8":2,"9":12,"10":11,"11":11,"12":11,"13":11,"14":4,"15":4,"16":4,"17":11,"18":4,"19":11,"20":4,"21":11,"22":4,"23":2},"f":{"0":12,"1":4,"2":4,"3":4,"4":4},"b":{"0":[3,8],"1":[2,1]}}
,"C:\\Users\\Michelle Yalaupari\\Documents\\github\\Bootcamp\\BOOTCAMPFRONTEND-REACT-NTT\\src\\app\\proxy\\categories-request.ts": {"path":"C:\\Users\\Michelle Yalaupari\\Documents\\github\\Bootcamp\\BOOTCAMPFRONTEND-REACT-NTT\\src\\app\\proxy\\categories-request.ts","statementMap":{"0":{"start":{"line":3,"column":25},"end":{"line":3,"column":68}},"1":{"start":{"line":5,"column":22},"end":{"line":21,"column":1}},"2":{"start":{"line":6,"column":2},"end":{"line":20,"column":3}},"3":{"start":{"line":7,"column":21},"end":{"line":7,"column":50}},"4":{"start":{"line":9,"column":4},"end":{"line":11,"column":5}},"5":{"start":{"line":10,"column":6},"end":{"line":10,"column":58}},"6":{"start":{"line":13,"column":17},"end":{"line":13,"column":38}},"7":{"start":{"line":14,"column":4},"end":{"line":14,"column":16}},"8":{"start":{"line":16,"column":4},"end":{"line":18,"column":5}},"9":{"start":{"line":17,"column":6},"end":{"line":17,"column":37}},"10":{"start":{"line":19,"column":4},"end":{"line":19,"column":48}},"11":{"start":{"line":24,"column":13},"end":{"line":26,"column":2}}},"fnMap":{"0":{"name":"(anonymous_0)","decl":{"start":{"line":5,"column":22},"end":{"line":5,"column":27}},"loc":{"start":{"line":5,"column":56},"end":{"line":21,"column":1}}}},"branchMap":{"0":{"loc":{"start":{"line":9,"column":4},"end":{"line":11,"column":5}},"type":"if","locations":[{"start":{"line":9,"column":4},"end":{"line":11,"column":5}}]},"1":{"loc":{"start":{"line":16,"column":4},"end":{"line":18,"column":5}},"type":"if","locations":[{"start":{"line":16,"column":4},"end":{"line":18,"column":5}}]}},"s":{"0":2,"1":2,"2":6,"3":6,"4":2,"5":1,"6":1,"7":1,"8":5,"9":4,"10":1,"11":2},"f":{"0":6},"b":{"0":[1],"1":[4]}}
,"C:\\Users\\Michelle Yalaupari\\Documents\\github\\Bootcamp\\BOOTCAMPFRONTEND-REACT-NTT\\src\\app\\proxy\\products-request.ts": {"path":"C:\\Users\\Michelle Yalaupari\\Documents\\github\\Bootcamp\\BOOTCAMPFRONTEND-REACT-NTT\\src\\app\\proxy\\products-request.ts","statementMap":{"0":{"start":{"line":2,"column":0},"end":{"line":2,"column":60}},"1":{"start":{"line":3,"column":0},"end":{"line":3,"column":71}},"2":{"start":{"line":5,"column":23},"end":{"line":5,"column":55}},"3":{"start":{"line":7,"column":20},"end":{"line":30,"column":1}},"4":{"start":{"line":12,"column":4},"end":{"line":29,"column":5}},"5":{"start":{"line":13,"column":28},"end":{"line":15,"column":28}},"6":{"start":{"line":17,"column":25},"end":{"line":17,"column":41}},"7":{"start":{"line":19,"column":8},"end":{"line":21,"column":9}},"8":{"start":{"line":20,"column":12},"end":{"line":20,"column":76}},"9":{"start":{"line":23,"column":21},"end":{"line":23,"column":42}},"10":{"start":{"line":24,"column":37},"end":{"line":24,"column":69}},"11":{"start":{"line":26,"column":8},"end":{"line":26,"column":63}},"12":{"start":{"line":28,"column":8},"end":{"line":28,"column":50}},"13":{"start":{"line":32,"column":13},"end":{"line":34,"column":2}}},"fnMap":{"0":{"name":"(anonymous_0)","decl":{"start":{"line":7,"column":20},"end":{"line":7,"column":25}},"loc":{"start":{"line":11,"column":4},"end":{"line":30,"column":1}}}},"branchMap":{"0":{"loc":{"start":{"line":8,"column":4},"end":{"line":8,"column":23}},"type":"default-arg","locations":[{"start":{"line":8,"column":21},"end":{"line":8,"column":23}}]},"1":{"loc":{"start":{"line":9,"column":4},"end":{"line":9,"column":20}},"type":"default-arg","locations":[{"start":{"line":9,"column":19},"end":{"line":9,"column":20}}]},"2":{"loc":{"start":{"line":10,"column":4},"end":{"line":10,"column":25}},"type":"default-arg","locations":[{"start":{"line":10,"column":23},"end":{"line":10,"column":25}}]},"3":{"loc":{"start":{"line":13,"column":28},"end":{"line":15,"column":28}},"type":"cond-expr","locations":[{"start":{"line":14,"column":14},"end":{"line":14,"column":54}},{"start":{"line":15,"column":14},"end":{"line":15,"column":28}}]},"4":{"loc":{"start":{"line":19,"column":8},"end":{"line":21,"column":9}},"type":"if","locations":[{"start":{"line":19,"column":8},"end":{"line":21,"column":9}}]}},"s":{"0":2,"1":2,"2":2,"3":2,"4":6,"5":6,"6":6,"7":5,"8":1,"9":4,"10":4,"11":4,"12":2,"13":2},"f":{"0":6},"b":{"0":[3],"1":[4],"2":[5],"3":[1,5],"4":[1]}}
,"C:\\Users\\Michelle Yalaupari\\Documents\\github\\Bootcamp\\BOOTCAMPFRONTEND-REACT-NTT\\src\\app\\reducer\\cart.tsx": {"path":"C:\\Users\\Michelle Yalaupari\\Documents\\github\\Bootcamp\\BOOTCAMPFRONTEND-REACT-NTT\\src\\app\\reducer\\cart.tsx","statementMap":{"0":{"start":{"line":3,"column":0},"end":{"line":3,"column":58}},"1":{"start":{"line":16,"column":13},"end":{"line":20,"column":2}},"2":{"start":{"line":18,"column":27},"end":{"line":18,"column":28}},"3":{"start":{"line":19,"column":24},"end":{"line":19,"column":25}},"4":{"start":{"line":22,"column":30},"end":{"line":22,"column":108}},"5":{"start":{"line":22,"column":53},"end":{"line":22,"column":108}},"6":{"start":{"line":22,"column":83},"end":{"line":22,"column":104}},"7":{"start":{"line":24,"column":27},"end":{"line":24,"column":118}},"8":{"start":{"line":24,"column":50},"end":{"line":24,"column":118}},"9":{"start":{"line":24,"column":80},"end":{"line":24,"column":114}},"10":{"start":{"line":26,"column":30},"end":{"line":115,"column":1}},"11":{"start":{"line":30,"column":4},"end":{"line":114,"column":5}},"12":{"start":{"line":32,"column":28},"end":{"line":32,"column":47}},"13":{"start":{"line":33,"column":33},"end":{"line":33,"column":83}},"14":{"start":{"line":33,"column":60},"end":{"line":33,"column":82}},"15":{"start":{"line":34,"column":31},"end":{"line":34,"column":33}},"16":{"start":{"line":36,"column":12},"end":{"line":52,"column":13}},"17":{"start":{"line":37,"column":16},"end":{"line":39,"column":18}},"18":{"start":{"line":38,"column":20},"end":{"line":38,"column":92}},"19":{"start":{"line":41,"column":16},"end":{"line":51,"column":18}},"20":{"start":{"line":54,"column":12},"end":{"line":59,"column":14}},"21":{"start":{"line":57,"column":39},"end":{"line":57,"column":74}},"22":{"start":{"line":58,"column":36},"end":{"line":58,"column":68}},"23":{"start":{"line":63,"column":30},"end":{"line":63,"column":47}},"24":{"start":{"line":64,"column":33},"end":{"line":64,"column":82}},"25":{"start":{"line":64,"column":60},"end":{"line":64,"column":81}},"26":{"start":{"line":66,"column":12},"end":{"line":90,"column":13}},"27":{"start":{"line":67,"column":16},"end":{"line":80,"column":17}},"28":{"start":{"line":68,"column":41},"end":{"line":71,"column":null}},"29":{"start":{"line":69,"column":24},"end":{"line":71,"column":34}},"30":{"start":{"line":74,"column":20},"end":{"line":79,"column":22}},"31":{"start":{"line":77,"column":47},"end":{"line":77,"column":82}},"32":{"start":{"line":78,"column":44},"end":{"line":78,"column":76}},"33":{"start":{"line":82,"column":37},"end":{"line":82,"column":88}},"34":{"start":{"line":82,"column":66},"end":{"line":82,"column":87}},"35":{"start":{"line":84,"column":16},"end":{"line":89,"column":18}},"36":{"start":{"line":87,"column":43},"end":{"line":87,"column":78}},"37":{"start":{"line":88,"column":40},"end":{"line":88,"column":72}},"38":{"start":{"line":92,"column":12},"end":{"line":92,"column":25}},"39":{"start":{"line":97,"column":33},"end":{"line":97,"column":94}},"40":{"start":{"line":97,"column":62},"end":{"line":97,"column":93}},"41":{"start":{"line":99,"column":12},"end":{"line":104,"column":14}},"42":{"start":{"line":102,"column":39},"end":{"line":102,"column":74}},"43":{"start":{"line":103,"column":36},"end":{"line":103,"column":68}},"44":{"start":{"line":107,"column":12},"end":{"line":110,"column":14}},"45":{"start":{"line":113,"column":12},"end":{"line":113,"column":62}},"46":{"start":{"line":26,"column":13},"end":{"line":26,"column":30}}},"fnMap":{"0":{"name":"(anonymous_0)","decl":{"start":{"line":18,"column":21},"end":{"line":18,"column":24}},"loc":{"start":{"line":18,"column":27},"end":{"line":18,"column":28}}},"1":{"name":"(anonymous_1)","decl":{"start":{"line":19,"column":18},"end":{"line":19,"column":21}},"loc":{"start":{"line":19,"column":24},"end":{"line":19,"column":25}}},"2":{"name":"(anonymous_2)","decl":{"start":{"line":22,"column":30},"end":{"line":22,"column":31}},"loc":{"start":{"line":22,"column":53},"end":{"line":22,"column":108}}},"3":{"name":"(anonymous_3)","decl":{"start":{"line":22,"column":66},"end":{"line":22,"column":67}},"loc":{"start":{"line":22,"column":83},"end":{"line":22,"column":104}}},"4":{"name":"(anonymous_4)","decl":{"start":{"line":24,"column":27},"end":{"line":24,"column":28}},"loc":{"start":{"line":24,"column":50},"end":{"line":24,"column":118}}},"5":{"name":"(anonymous_5)","decl":{"start":{"line":24,"column":63},"end":{"line":24,"column":64}},"loc":{"start":{"line":24,"column":80},"end":{"line":24,"column":114}}},"6":{"name":"(anonymous_6)","decl":{"start":{"line":26,"column":30},"end":{"line":26,"column":null}},"loc":{"start":{"line":29,"column":18},"end":{"line":115,"column":1}}},"7":{"name":"(anonymous_7)","decl":{"start":{"line":33,"column":50},"end":{"line":33,"column":51}},"loc":{"start":{"line":33,"column":60},"end":{"line":33,"column":82}}},"8":{"name":"(anonymous_8)","decl":{"start":{"line":37,"column":47},"end":{"line":37,"column":48}},"loc":{"start":{"line":38,"column":20},"end":{"line":38,"column":92}}},"9":{"name":"(anonymous_9)","decl":{"start":{"line":57,"column":33},"end":{"line":57,"column":36}},"loc":{"start":{"line":57,"column":39},"end":{"line":57,"column":74}}},"10":{"name":"(anonymous_10)","decl":{"start":{"line":58,"column":30},"end":{"line":58,"column":33}},"loc":{"start":{"line":58,"column":36},"end":{"line":58,"column":68}}},"11":{"name":"(anonymous_11)","decl":{"start":{"line":64,"column":50},"end":{"line":64,"column":51}},"loc":{"start":{"line":64,"column":60},"end":{"line":64,"column":81}}},"12":{"name":"(anonymous_12)","decl":{"start":{"line":68,"column":57},"end":{"line":68,"column":58}},"loc":{"start":{"line":69,"column":24},"end":{"line":71,"column":34}}},"13":{"name":"(anonymous_13)","decl":{"start":{"line":77,"column":41},"end":{"line":77,"column":44}},"loc":{"start":{"line":77,"column":47},"end":{"line":77,"column":82}}},"14":{"name":"(anonymous_14)","decl":{"start":{"line":78,"column":38},"end":{"line":78,"column":41}},"loc":{"start":{"line":78,"column":44},"end":{"line":78,"column":76}}},"15":{"name":"(anonymous_15)","decl":{"start":{"line":82,"column":56},"end":{"line":82,"column":57}},"loc":{"start":{"line":82,"column":66},"end":{"line":82,"column":87}}},"16":{"name":"(anonymous_16)","decl":{"start":{"line":87,"column":37},"end":{"line":87,"column":40}},"loc":{"start":{"line":87,"column":43},"end":{"line":87,"column":78}}},"17":{"name":"(anonymous_17)","decl":{"start":{"line":88,"column":34},"end":{"line":88,"column":37}},"loc":{"start":{"line":88,"column":40},"end":{"line":88,"column":72}}},"18":{"name":"(anonymous_18)","decl":{"start":{"line":97,"column":52},"end":{"line":97,"column":53}},"loc":{"start":{"line":97,"column":62},"end":{"line":97,"column":93}}},"19":{"name":"(anonymous_19)","decl":{"start":{"line":102,"column":33},"end":{"line":102,"column":36}},"loc":{"start":{"line":102,"column":39},"end":{"line":102,"column":74}}},"20":{"name":"(anonymous_20)","decl":{"start":{"line":103,"column":30},"end":{"line":103,"column":33}},"loc":{"start":{"line":103,"column":36},"end":{"line":103,"column":68}}}},"branchMap":{"0":{"loc":{"start":{"line":30,"column":4},"end":{"line":114,"column":5}},"type":"switch","locations":[{"start":{"line":31,"column":8},"end":{"line":60,"column":9}},{"start":{"line":62,"column":8},"end":{"line":93,"column":9}},{"start":{"line":96,"column":8},"end":{"line":104,"column":14}},{"start":{"line":106,"column":8},"end":{"line":110,"column":14}},{"start":{"line":112,"column":8},"end":{"line":113,"column":62}}]},"1":{"loc":{"start":{"line":36,"column":12},"end":{"line":52,"column":13}},"type":"if","locations":[{"start":{"line":36,"column":12},"end":{"line":52,"column":13}},{"start":{"line":40,"column":19},"end":{"line":52,"column":13}}]},"2":{"loc":{"start":{"line":38,"column":20},"end":{"line":38,"column":92}},"type":"cond-expr","locations":[{"start":{"line":38,"column":45},"end":{"line":38,"column":85}},{"start":{"line":38,"column":88},"end":{"line":38,"column":92}}]},"3":{"loc":{"start":{"line":66,"column":12},"end":{"line":90,"column":13}},"type":"if","locations":[{"start":{"line":66,"column":12},"end":{"line":90,"column":13}}]},"4":{"loc":{"start":{"line":67,"column":16},"end":{"line":80,"column":17}},"type":"if","locations":[{"start":{"line":67,"column":16},"end":{"line":80,"column":17}}]},"5":{"loc":{"start":{"line":69,"column":24},"end":{"line":71,"column":34}},"type":"cond-expr","locations":[{"start":{"line":70,"column":30},"end":{"line":70,"column":70}},{"start":{"line":71,"column":30},"end":{"line":71,"column":34}}]}},"s":{"0":6,"1":6,"2":1,"3":1,"4":6,"5":4,"6":5,"7":6,"8":4,"9":5,"10":6,"11":9,"12":3,"13":3,"14":2,"15":3,"16":3,"17":2,"18":3,"19":1,"20":3,"21":1,"22":1,"23":3,"24":3,"25":2,"26":3,"27":2,"28":1,"29":2,"30":1,"31":1,"32":1,"33":1,"34":1,"35":1,"36":1,"37":1,"38":1,"39":1,"40":2,"41":1,"42":1,"43":1,"44":1,"45":1,"46":6},"f":{"0":1,"1":1,"2":4,"3":5,"4":4,"5":5,"6":9,"7":2,"8":3,"9":1,"10":1,"11":2,"12":2,"13":1,"14":1,"15":1,"16":1,"17":1,"18":2,"19":1,"20":1},"b":{"0":[3,3,1,1,1],"1":[2,1],"2":[2,1],"3":[2],"4":[1],"5":[1,1]}}
,"C:\\Users\\Michelle Yalaupari\\Documents\\github\\Bootcamp\\BOOTCAMPFRONTEND-REACT-NTT\\src\\app\\reducer\\client.tsx": {"path":"C:\\Users\\Michelle Yalaupari\\Documents\\github\\Bootcamp\\BOOTCAMPFRONTEND-REACT-NTT\\src\\app\\reducer\\client.tsx","statementMap":{"0":{"start":{"line":2,"column":0},"end":{"line":2,"column":62}},"1":{"start":{"line":14,"column":13},"end":{"line":17,"column":2}},"2":{"start":{"line":19,"column":32},"end":{"line":42,"column":1}},"3":{"start":{"line":23,"column":2},"end":{"line":41,"column":3}},"4":{"start":{"line":25,"column":6},"end":{"line":28,"column":8}},"5":{"start":{"line":30,"column":6},"end":{"line":33,"column":8}},"6":{"start":{"line":35,"column":6},"end":{"line":38,"column":8}},"7":{"start":{"line":40,"column":6},"end":{"line":40,"column":56}},"8":{"start":{"line":19,"column":13},"end":{"line":19,"column":32}}},"fnMap":{"0":{"name":"(anonymous_0)","decl":{"start":{"line":19,"column":32},"end":{"line":19,"column":null}},"loc":{"start":{"line":22,"column":4},"end":{"line":42,"column":1}}}},"branchMap":{"0":{"loc":{"start":{"line":23,"column":2},"end":{"line":41,"column":3}},"type":"switch","locations":[{"start":{"line":24,"column":4},"end":{"line":28,"column":8}},{"start":{"line":29,"column":4},"end":{"line":33,"column":8}},{"start":{"line":34,"column":4},"end":{"line":38,"column":8}},{"start":{"line":39,"column":4},"end":{"line":40,"column":56}}]}},"s":{"0":5,"1":5,"2":5,"3":5,"4":2,"5":1,"6":1,"7":1,"8":5},"f":{"0":5},"b":{"0":[2,1,1,1]}}
,"C:\\Users\\Michelle Yalaupari\\Documents\\github\\Bootcamp\\BOOTCAMPFRONTEND-REACT-NTT\\src\\app\\reducer\\pagination.tsx": {"path":"C:\\Users\\Michelle Yalaupari\\Documents\\github\\Bootcamp\\BOOTCAMPFRONTEND-REACT-NTT\\src\\app\\reducer\\pagination.tsx","statementMap":{"0":{"start":{"line":2,"column":0},"end":{"line":2,"column":70}},"1":{"start":{"line":12,"column":13},"end":{"line":17,"column":2}},"2":{"start":{"line":19,"column":36},"end":{"line":51,"column":1}},"3":{"start":{"line":23,"column":2},"end":{"line":50,"column":3}},"4":{"start":{"line":25,"column":6},"end":{"line":31,"column":8}},"5":{"start":{"line":33,"column":6},"end":{"line":39,"column":8}},"6":{"start":{"line":41,"column":6},"end":{"line":47,"column":8}},"7":{"start":{"line":49,"column":6},"end":{"line":49,"column":56}},"8":{"start":{"line":19,"column":13},"end":{"line":19,"column":36}}},"fnMap":{"0":{"name":"(anonymous_0)","decl":{"start":{"line":19,"column":36},"end":{"line":19,"column":null}},"loc":{"start":{"line":22,"column":24},"end":{"line":51,"column":1}}}},"branchMap":{"0":{"loc":{"start":{"line":23,"column":2},"end":{"line":50,"column":3}},"type":"switch","locations":[{"start":{"line":24,"column":4},"end":{"line":31,"column":8}},{"start":{"line":32,"column":4},"end":{"line":39,"column":8}},{"start":{"line":40,"column":4},"end":{"line":47,"column":8}},{"start":{"line":48,"column":4},"end":{"line":49,"column":56}}]}},"s":{"0":6,"1":6,"2":6,"3":17,"4":2,"5":6,"6":8,"7":1,"8":6},"f":{"0":17},"b":{"0":[2,6,8,1]}}
,"C:\\Users\\Michelle Yalaupari\\Documents\\github\\Bootcamp\\BOOTCAMPFRONTEND-REACT-NTT\\src\\utils\\Layout\\MainLayout\\MainLayout.tsx": {"path":"C:\\Users\\Michelle Yalaupari\\Documents\\github\\Bootcamp\\BOOTCAMPFRONTEND-REACT-NTT\\src\\utils\\Layout\\MainLayout\\MainLayout.tsx","statementMap":{"0":{"start":{"line":3,"column":0},"end":{"line":3,"column":70}},"1":{"start":{"line":4,"column":0},"end":{"line":4,"column":78}},"2":{"start":{"line":5,"column":0},"end":{"line":5,"column":66}},"3":{"start":{"line":6,"column":0},"end":{"line":6,"column":70}},"4":{"start":{"line":8,"column":0},"end":{"line":8,"column":52}},"5":{"start":{"line":9,"column":0},"end":{"line":9,"column":52}},"6":{"start":{"line":10,"column":0},"end":{"line":10,"column":64}},"7":{"start":{"line":12,"column":0},"end":{"line":12,"column":25}},"8":{"start":{"line":16,"column":36},"end":{"line":33,"column":1}},"9":{"start":{"line":17,"column":2},"end":{"line":32,"column":4}},"10":{"start":{"line":35,"column":0},"end":{"line":35,"column":26}}},"fnMap":{"0":{"name":"(anonymous_1)","decl":{"start":{"line":16,"column":36},"end":{"line":16,"column":37}},"loc":{"start":{"line":16,"column":53},"end":{"line":33,"column":1}}}},"branchMap":{},"s":{"0":1,"1":1,"2":1,"3":1,"4":1,"5":1,"6":1,"7":1,"8":1,"9":2,"10":1},"f":{"0":2},"b":{}}
,"C:\\Users\\Michelle Yalaupari\\Documents\\github\\Bootcamp\\BOOTCAMPFRONTEND-REACT-NTT\\src\\utils\\components\\CartButton\\CartButton.tsx": {"path":"C:\\Users\\Michelle Yalaupari\\Documents\\github\\Bootcamp\\BOOTCAMPFRONTEND-REACT-NTT\\src\\utils\\components\\CartButton\\CartButton.tsx","statementMap":{"0":{"start":{"line":2,"column":0},"end":{"line":2,"column":40}},"1":{"start":{"line":4,"column":0},"end":{"line":4,"column":51}},"2":{"start":{"line":6,"column":0},"end":{"line":6,"column":66}},"3":{"start":{"line":8,"column":0},"end":{"line":8,"column":48}},"4":{"start":{"line":10,"column":0},"end":{"line":10,"column":26}},"5":{"start":{"line":12,"column":23},"end":{"line":23,"column":1}},"6":{"start":{"line":13,"column":37},"end":{"line":13,"column":60}},"7":{"start":{"line":15,"column":26},"end":{"line":15,"column":51}},"8":{"start":{"line":17,"column":2},"end":{"line":22,"column":4}},"9":{"start":{"line":25,"column":0},"end":{"line":25,"column":26}}},"fnMap":{"0":{"name":"(anonymous_1)","decl":{"start":{"line":12,"column":23},"end":{"line":12,"column":26}},"loc":{"start":{"line":12,"column":28},"end":{"line":23,"column":1}}}},"branchMap":{"0":{"loc":{"start":{"line":15,"column":26},"end":{"line":15,"column":51}},"type":"binary-expr","locations":[{"start":{"line":15,"column":26},"end":{"line":15,"column":31}},{"start":{"line":15,"column":35},"end":{"line":15,"column":51}}]},"1":{"loc":{"start":{"line":20,"column":7},"end":{"line":20,"column":88}},"type":"binary-expr","locations":[{"start":{"line":20,"column":7},"end":{"line":20,"column":22}},{"start":{"line":20,"column":26},"end":{"line":20,"column":88}}]}},"s":{"0":2,"1":2,"2":2,"3":2,"4":2,"5":2,"6":6,"7":6,"8":6,"9":2},"f":{"0":6},"b":{"0":[6,6],"1":[6,1]}}
,"C:\\Users\\Michelle Yalaupari\\Documents\\github\\Bootcamp\\BOOTCAMPFRONTEND-REACT-NTT\\src\\utils\\components\\CartForm\\CartForm.tsx": {"path":"C:\\Users\\Michelle Yalaupari\\Documents\\github\\Bootcamp\\BOOTCAMPFRONTEND-REACT-NTT\\src\\utils\\components\\CartForm\\CartForm.tsx","statementMap":{"0":{"start":{"line":1,"column":0},"end":{"line":1,"column":72}},"1":{"start":{"line":2,"column":0},"end":{"line":2,"column":47}},"2":{"start":{"line":5,"column":0},"end":{"line":5,"column":68}},"3":{"start":{"line":7,"column":0},"end":{"line":7,"column":63}},"4":{"start":{"line":8,"column":0},"end":{"line":8,"column":67}},"5":{"start":{"line":10,"column":0},"end":{"line":10,"column":83}},"6":{"start":{"line":12,"column":0},"end":{"line":12,"column":92}},"7":{"start":{"line":14,"column":0},"end":{"line":14,"column":61}},"8":{"start":{"line":16,"column":0},"end":{"line":16,"column":24}},"9":{"start":{"line":22,"column":29},"end":{"line":32,"column":2}},"10":{"start":{"line":34,"column":28},"end":{"line":274,"column":1}},"11":{"start":{"line":35,"column":21},"end":{"line":35,"column":34}},"12":{"start":{"line":37,"column":26},"end":{"line":37,"column":40}},"13":{"start":{"line":39,"column":22},"end":{"line":39,"column":45}},"14":{"start":{"line":40,"column":28},"end":{"line":40,"column":54}},"15":{"start":{"line":42,"column":54},"end":{"line":42,"column":69}},"16":{"start":{"line":44,"column":33},"end":{"line":44,"column":49}},"17":{"start":{"line":46,"column":40},"end":{"line":54,"column":6}},"18":{"start":{"line":56,"column":32},"end":{"line":56,"column":62}},"19":{"start":{"line":57,"column":34},"end":{"line":57,"column":86}},"20":{"start":{"line":58,"column":42},"end":{"line":58,"column":66}},"21":{"start":{"line":59,"column":38},"end":{"line":59,"column":58}},"22":{"start":{"line":61,"column":25},"end":{"line":78,"column":5}},"23":{"start":{"line":64,"column":20},"end":{"line":64,"column":45}},"24":{"start":{"line":65,"column":22},"end":{"line":65,"column":34}},"25":{"start":{"line":67,"column":8},"end":{"line":70,"column":11}},"26":{"start":{"line":72,"column":8},"end":{"line":77,"column":9}},"27":{"start":{"line":73,"column":12},"end":{"line":76,"column":15}},"28":{"start":{"line":80,"column":25},"end":{"line":92,"column":5}},"29":{"start":{"line":81,"column":23},"end":{"line":81,"column":40}},"30":{"start":{"line":83,"column":8},"end":{"line":83,"column":130}},"31":{"start":{"line":84,"column":8},"end":{"line":84,"column":146}},"32":{"start":{"line":85,"column":8},"end":{"line":85,"column":125}},"33":{"start":{"line":86,"column":8},"end":{"line":86,"column":76}},"34":{"start":{"line":87,"column":8},"end":{"line":87,"column":76}},"35":{"start":{"line":88,"column":8},"end":{"line":88,"column":82}},"36":{"start":{"line":89,"column":8},"end":{"line":89,"column":126}},"37":{"start":{"line":91,"column":8},"end":{"line":91,"column":30}},"38":{"start":{"line":94,"column":22},"end":{"line":134,"column":5}},"39":{"start":{"line":95,"column":8},"end":{"line":95,"column":31}},"40":{"start":{"line":97,"column":29},"end":{"line":97,"column":60}},"41":{"start":{"line":99,"column":8},"end":{"line":102,"column":9}},"42":{"start":{"line":100,"column":12},"end":{"line":100,"column":77}},"43":{"start":{"line":101,"column":12},"end":{"line":101,"column":19}},"44":{"start":{"line":104,"column":8},"end":{"line":104,"column":25}},"45":{"start":{"line":106,"column":8},"end":{"line":114,"column":11}},"46":{"start":{"line":116,"column":8},"end":{"line":116,"column":23}},"47":{"start":{"line":118,"column":26},"end":{"line":118,"column":81}},"48":{"start":{"line":118,"column":68},"end":{"line":118,"column":80}},"49":{"start":{"line":120,"column":8},"end":{"line":122,"column":9}},"50":{"start":{"line":121,"column":12},"end":{"line":121,"column":19}},"51":{"start":{"line":124,"column":26},"end":{"line":128,"column":10}},"52":{"start":{"line":130,"column":8},"end":{"line":130,"column":31}},"53":{"start":{"line":132,"column":8},"end":{"line":132,"column":30}},"54":{"start":{"line":133,"column":8},"end":{"line":133,"column":29}},"55":{"start":{"line":136,"column":23},"end":{"line":151,"column":5}},"56":{"start":{"line":137,"column":8},"end":{"line":137,"column":32}},"57":{"start":{"line":138,"column":8},"end":{"line":138,"column":23}},"58":{"start":{"line":139,"column":8},"end":{"line":147,"column":11}},"59":{"start":{"line":148,"column":8},"end":{"line":148,"column":72}},"60":{"start":{"line":149,"column":8},"end":{"line":149,"column":30}},"61":{"start":{"line":150,"column":8},"end":{"line":150,"column":22}},"62":{"start":{"line":153,"column":4},"end":{"line":155,"column":26}},"63":{"start":{"line":154,"column":8},"end":{"line":154,"column":23}},"64":{"start":{"line":157,"column":4},"end":{"line":273,"column":6}},"65":{"start":{"line":213,"column":36},"end":{"line":213,"column":56}},"66":{"start":{"line":276,"column":0},"end":{"line":276,"column":24}}},"fnMap":{"0":{"name":"(anonymous_1)","decl":{"start":{"line":34,"column":28},"end":{"line":34,"column":29}},"loc":{"start":{"line":34,"column":47},"end":{"line":274,"column":1}}},"1":{"name":"(anonymous_2)","decl":{"start":{"line":61,"column":25},"end":{"line":61,"column":26}},"loc":{"start":{"line":63,"column":82},"end":{"line":78,"column":5}}},"2":{"name":"(anonymous_3)","decl":{"start":{"line":80,"column":25},"end":{"line":80,"column":28}},"loc":{"start":{"line":80,"column":30},"end":{"line":92,"column":5}}},"3":{"name":"(anonymous_4)","decl":{"start":{"line":94,"column":22},"end":{"line":94,"column":23}},"loc":{"start":{"line":94,"column":60},"end":{"line":134,"column":5}}},"4":{"name":"(anonymous_5)","decl":{"start":{"line":118,"column":57},"end":{"line":118,"column":58}},"loc":{"start":{"line":118,"column":68},"end":{"line":118,"column":80}}},"5":{"name":"(anonymous_6)","decl":{"start":{"line":136,"column":23},"end":{"line":136,"column":26}},"loc":{"start":{"line":136,"column":28},"end":{"line":151,"column":5}}},"6":{"name":"(anonymous_7)","decl":{"start":{"line":153,"column":14},"end":{"line":153,"column":17}},"loc":{"start":{"line":153,"column":19},"end":{"line":155,"column":5}}},"7":{"name":"(anonymous_8)","decl":{"start":{"line":212,"column":46},"end":{"line":212,"column":47}},"loc":{"start":{"line":213,"column":36},"end":{"line":213,"column":56}}}},"branchMap":{"0":{"loc":{"start":{"line":72,"column":8},"end":{"line":77,"column":9}},"type":"if","locations":[{"start":{"line":72,"column":8},"end":{"line":77,"column":9}}]},"1":{"loc":{"start":{"line":83,"column":23},"end":{"line":83,"column":129}},"type":"cond-expr","locations":[{"start":{"line":83,"column":45},"end":{"line":83,"column":65}},{"start":{"line":83,"column":68},"end":{"line":83,"column":129}}]},"2":{"loc":{"start":{"line":83,"column":68},"end":{"line":83,"column":129}},"type":"cond-expr","locations":[{"start":{"line":83,"column":98},"end":{"line":83,"column":124}},{"start":{"line":83,"column":127},"end":{"line":83,"column":129}}]},"3":{"loc":{"start":{"line":84,"column":27},"end":{"line":84,"column":145}},"type":"cond-expr","locations":[{"start":{"line":84,"column":53},"end":{"line":84,"column":77}},{"start":{"line":84,"column":80},"end":{"line":84,"column":145}}]},"4":{"loc":{"start":{"line":84,"column":80},"end":{"line":84,"column":145}},"type":"cond-expr","locations":[{"start":{"line":84,"column":114},"end":{"line":84,"column":140}},{"start":{"line":84,"column":143},"end":{"line":84,"column":145}}]},"5":{"loc":{"start":{"line":85,"column":23},"end":{"line":85,"column":124}},"type":"cond-expr","locations":[{"start":{"line":85,"column":45},"end":{"line":85,"column":64}},{"start":{"line":85,"column":67},"end":{"line":85,"column":124}}]},"6":{"loc":{"start":{"line":85,"column":67},"end":{"line":85,"column":124}},"type":"cond-expr","locations":[{"start":{"line":85,"column":97},"end":{"line":85,"column":119}},{"start":{"line":85,"column":122},"end":{"line":85,"column":124}}]},"7":{"loc":{"start":{"line":86,"column":26},"end":{"line":86,"column":75}},"type":"cond-expr","locations":[{"start":{"line":86,"column":51},"end":{"line":86,"column":70}},{"start":{"line":86,"column":73},"end":{"line":86,"column":75}}]},"8":{"loc":{"start":{"line":87,"column":25},"end":{"line":87,"column":75}},"type":"cond-expr","locations":[{"start":{"line":87,"column":49},"end":{"line":87,"column":70}},{"start":{"line":87,"column":73},"end":{"line":87,"column":75}}]},"9":{"loc":{"start":{"line":88,"column":27},"end":{"line":88,"column":81}},"type":"cond-expr","locations":[{"start":{"line":88,"column":53},"end":{"line":88,"column":76}},{"start":{"line":88,"column":79},"end":{"line":88,"column":81}}]},"10":{"loc":{"start":{"line":89,"column":23},"end":{"line":89,"column":125}},"type":"cond-expr","locations":[{"start":{"line":89,"column":45},"end":{"line":89,"column":64}},{"start":{"line":89,"column":67},"end":{"line":89,"column":125}}]},"11":{"loc":{"start":{"line":89,"column":67},"end":{"line":89,"column":125}},"type":"cond-expr","locations":[{"start":{"line":89,"column":94},"end":{"line":89,"column":120}},{"start":{"line":89,"column":123},"end":{"line":89,"column":125}}]},"12":{"loc":{"start":{"line":99,"column":8},"end":{"line":102,"column":9}},"type":"if","locations":[{"start":{"line":99,"column":8},"end":{"line":102,"column":9}}]},"13":{"loc":{"start":{"line":120,"column":8},"end":{"line":122,"column":9}},"type":"if","locations":[{"start":{"line":120,"column":8},"end":{"line":122,"column":9}}]},"14":{"loc":{"start":{"line":161,"column":17},"end":{"line":161,"column":74}},"type":"binary-expr","locations":[{"start":{"line":161,"column":17},"end":{"line":161,"column":26}},{"start":{"line":161,"column":30},"end":{"line":161,"column":74}}]},"15":{"loc":{"start":{"line":174,"column":25},"end":{"line":174,"column":119}},"type":"binary-expr","locations":[{"start":{"line":174,"column":25},"end":{"line":174,"column":38}},{"start":{"line":174,"column":42},"end":{"line":174,"column":58}},{"start":{"line":174,"column":62},"end":{"line":174,"column":119}}]},"16":{"loc":{"start":{"line":187,"column":25},"end":{"line":187,"column":131}},"type":"binary-expr","locations":[{"start":{"line":187,"column":25},"end":{"line":187,"column":42}},{"start":{"line":187,"column":46},"end":{"line":187,"column":66}},{"start":{"line":187,"column":70},"end":{"line":187,"column":131}}]},"17":{"loc":{"start":{"line":200,"column":25},"end":{"line":200,"column":119}},"type":"binary-expr","locations":[{"start":{"line":200,"column":25},"end":{"line":200,"column":38}},{"start":{"line":200,"column":42},"end":{"line":200,"column":58}},{"start":{"line":200,"column":62},"end":{"line":200,"column":119}}]},"18":{"loc":{"start":{"line":219,"column":25},"end":{"line":219,"column":128}},"type":"binary-expr","locations":[{"start":{"line":219,"column":25},"end":{"line":219,"column":41}},{"start":{"line":219,"column":45},"end":{"line":219,"column":64}},{"start":{"line":219,"column":68},"end":{"line":219,"column":128}}]},"19":{"loc":{"start":{"line":232,"column":25},"end":{"line":232,"column":125}},"type":"binary-expr","locations":[{"start":{"line":232,"column":25},"end":{"line":232,"column":40}},{"start":{"line":232,"column":44},"end":{"line":232,"column":62}},{"start":{"line":232,"column":66},"end":{"line":232,"column":125}}]},"20":{"loc":{"start":{"line":245,"column":25},"end":{"line":245,"column":131}},"type":"binary-expr","locations":[{"start":{"line":245,"column":25},"end":{"line":245,"column":42}},{"start":{"line":245,"column":46},"end":{"line":245,"column":66}},{"start":{"line":245,"column":70},"end":{"line":245,"column":131}}]},"21":{"loc":{"start":{"line":258,"column":25},"end":{"line":258,"column":119}},"type":"binary-expr","locations":[{"start":{"line":258,"column":25},"end":{"line":258,"column":38}},{"start":{"line":258,"column":42},"end":{"line":258,"column":58}},{"start":{"line":258,"column":62},"end":{"line":258,"column":119}}]},"22":{"loc":{"start":{"line":263,"column":13},"end":{"line":270,"column":null}},"type":"binary-expr","locations":[{"start":{"line":263,"column":13},"end":{"line":263,"column":24}},{"start":{"line":264,"column":16},"end":{"line":269,"column":null}}]}},"s":{"0":2,"1":2,"2":2,"3":2,"4":2,"5":2,"6":2,"7":2,"8":2,"9":2,"10":2,"11":37,"12":37,"13":37,"14":37,"15":37,"16":37,"17":37,"18":37,"19":37,"20":37,"21":37,"22":37,"23":11,"24":11,"25":11,"26":11,"27":11,"28":37,"29":20,"30":20,"31":20,"32":20,"33":20,"34":20,"35":20,"36":20,"37":20,"38":37,"39":3,"40":3,"41":3,"42":1,"43":1,"44":2,"45":2,"46":2,"47":2,"48":8,"49":2,"50":1,"51":1,"52":1,"53":1,"54":1,"55":37,"56":1,"57":1,"58":1,"59":1,"60":1,"61":1,"62":37,"63":18,"64":37,"65":74,"66":2},"f":{"0":37,"1":11,"2":20,"3":3,"4":8,"5":1,"6":18,"7":74},"b":{"0":[11],"1":[7,13],"2":[4,9],"3":[9,11],"4":[3,8],"5":[12,8],"6":[1,7],"7":[15,5],"8":[16,4],"9":[17,3],"10":[12,8],"11":[2,6],"12":[1],"13":[1],"14":[37,1],"15":[37,26,11],"16":[37,22,9],"17":[37,16,5],"18":[37,10,3],"19":[37,8,3],"20":[37,6,3],"21":[37,16,7],"22":[37,2]}}
,"C:\\Users\\Michelle Yalaupari\\Documents\\github\\Bootcamp\\BOOTCAMPFRONTEND-REACT-NTT\\src\\utils\\components\\CartTable\\CartTable.tsx": {"path":"C:\\Users\\Michelle Yalaupari\\Documents\\github\\Bootcamp\\BOOTCAMPFRONTEND-REACT-NTT\\src\\utils\\components\\CartTable\\CartTable.tsx","statementMap":{"0":{"start":{"line":4,"column":0},"end":{"line":4,"column":68}},"1":{"start":{"line":6,"column":0},"end":{"line":6,"column":92}},"2":{"start":{"line":8,"column":0},"end":{"line":8,"column":50}},"3":{"start":{"line":10,"column":0},"end":{"line":10,"column":25}},"4":{"start":{"line":12,"column":22},"end":{"line":109,"column":1}},"5":{"start":{"line":13,"column":53},"end":{"line":13,"column":76}},"6":{"start":{"line":14,"column":28},"end":{"line":14,"column":54}},"7":{"start":{"line":16,"column":28},"end":{"line":21,"column":5}},"8":{"start":{"line":17,"column":8},"end":{"line":20,"column":11}},"9":{"start":{"line":23,"column":33},"end":{"line":28,"column":5}},"10":{"start":{"line":24,"column":8},"end":{"line":27,"column":11}},"11":{"start":{"line":30,"column":33},"end":{"line":35,"column":5}},"12":{"start":{"line":31,"column":8},"end":{"line":34,"column":11}},"13":{"start":{"line":37,"column":39},"end":{"line":37,"column":94}},"14":{"start":{"line":37,"column":62},"end":{"line":37,"column":94}},"15":{"start":{"line":39,"column":4},"end":{"line":108,"column":6}},"16":{"start":{"line":53,"column":24},"end":{"line":53,"column":null}},"17":{"start":{"line":61,"column":55},"end":{"line":61,"column":87}},"18":{"start":{"line":68,"column":55},"end":{"line":68,"column":79}},"19":{"start":{"line":83,"column":51},"end":{"line":83,"column":83}},"20":{"start":{"line":111,"column":0},"end":{"line":111,"column":25}}},"fnMap":{"0":{"name":"(anonymous_1)","decl":{"start":{"line":12,"column":22},"end":{"line":12,"column":25}},"loc":{"start":{"line":12,"column":27},"end":{"line":109,"column":1}}},"1":{"name":"(anonymous_2)","decl":{"start":{"line":16,"column":28},"end":{"line":16,"column":29}},"loc":{"start":{"line":16,"column":47},"end":{"line":21,"column":5}}},"2":{"name":"(anonymous_3)","decl":{"start":{"line":23,"column":33},"end":{"line":23,"column":34}},"loc":{"start":{"line":23,"column":48},"end":{"line":28,"column":5}}},"3":{"name":"(anonymous_4)","decl":{"start":{"line":30,"column":33},"end":{"line":30,"column":34}},"loc":{"start":{"line":30,"column":48},"end":{"line":35,"column":5}}},"4":{"name":"(anonymous_5)","decl":{"start":{"line":37,"column":39},"end":{"line":37,"column":40}},"loc":{"start":{"line":37,"column":62},"end":{"line":37,"column":94}}},"5":{"name":"(anonymous_6)","decl":{"start":{"line":52,"column":31},"end":{"line":52,"column":32}},"loc":{"start":{"line":53,"column":24},"end":{"line":53,"column":null}}},"6":{"name":"(anonymous_7)","decl":{"start":{"line":61,"column":49},"end":{"line":61,"column":52}},"loc":{"start":{"line":61,"column":55},"end":{"line":61,"column":87}}},"7":{"name":"(anonymous_8)","decl":{"start":{"line":68,"column":49},"end":{"line":68,"column":52}},"loc":{"start":{"line":68,"column":55},"end":{"line":68,"column":79}}},"8":{"name":"(anonymous_9)","decl":{"start":{"line":83,"column":45},"end":{"line":83,"column":48}},"loc":{"start":{"line":83,"column":51},"end":{"line":83,"column":83}}}},"branchMap":{"0":{"loc":{"start":{"line":40,"column":8},"end":{"line":106,"column":null}},"type":"cond-expr","locations":[{"start":{"line":41,"column":12},"end":{"line":103,"column":null}},{"start":{"line":106,"column":12},"end":{"line":106,"column":54}}]}},"s":{"0":2,"1":2,"2":2,"3":2,"4":2,"5":5,"6":5,"7":5,"8":1,"9":5,"10":1,"11":5,"12":1,"13":5,"14":8,"15":5,"16":8,"17":1,"18":1,"19":1,"20":2},"f":{"0":5,"1":1,"2":1,"3":1,"4":8,"5":8,"6":1,"7":1,"8":1},"b":{"0":[4,1]}}
,"C:\\Users\\Michelle Yalaupari\\Documents\\github\\Bootcamp\\BOOTCAMPFRONTEND-REACT-NTT\\src\\utils\\components\\Footer\\Footer.tsx": {"path":"C:\\Users\\Michelle Yalaupari\\Documents\\github\\Bootcamp\\BOOTCAMPFRONTEND-REACT-NTT\\src\\utils\\components\\Footer\\Footer.tsx","statementMap":{"0":{"start":{"line":2,"column":0},"end":{"line":2,"column":56}},"1":{"start":{"line":3,"column":0},"end":{"line":3,"column":58}},"2":{"start":{"line":4,"column":0},"end":{"line":4,"column":22}},"3":{"start":{"line":6,"column":19},"end":{"line":23,"column":1}},"4":{"start":{"line":7,"column":2},"end":{"line":22,"column":4}},"5":{"start":{"line":25,"column":0},"end":{"line":25,"column":22}}},"fnMap":{"0":{"name":"(anonymous_1)","decl":{"start":{"line":6,"column":19},"end":{"line":6,"column":22}},"loc":{"start":{"line":6,"column":24},"end":{"line":23,"column":1}}}},"branchMap":{},"s":{"0":2,"1":2,"2":2,"3":2,"4":3,"5":2},"f":{"0":3},"b":{}}
,"C:\\Users\\Michelle Yalaupari\\Documents\\github\\Bootcamp\\BOOTCAMPFRONTEND-REACT-NTT\\src\\utils\\components\\Header\\Header.tsx": {"path":"C:\\Users\\Michelle Yalaupari\\Documents\\github\\Bootcamp\\BOOTCAMPFRONTEND-REACT-NTT\\src\\utils\\components\\Header\\Header.tsx","statementMap":{"0":{"start":{"line":1,"column":0},"end":{"line":1,"column":61}},"1":{"start":{"line":3,"column":0},"end":{"line":3,"column":53}},"2":{"start":{"line":5,"column":0},"end":{"line":5,"column":51}},"3":{"start":{"line":9,"column":0},"end":{"line":9,"column":74}},"4":{"start":{"line":11,"column":0},"end":{"line":11,"column":70}},"5":{"start":{"line":13,"column":0},"end":{"line":13,"column":50}},"6":{"start":{"line":15,"column":0},"end":{"line":15,"column":22}},"7":{"start":{"line":17,"column":19},"end":{"line":91,"column":1}},"8":{"start":{"line":18,"column":38},"end":{"line":18,"column":73}},"9":{"start":{"line":20,"column":24},"end":{"line":27,"column":3}},"10":{"start":{"line":21,"column":4},"end":{"line":26,"column":5}},"11":{"start":{"line":22,"column":19},"end":{"line":22,"column":58}},"12":{"start":{"line":23,"column":6},"end":{"line":23,"column":26}},"13":{"start":{"line":25,"column":6},"end":{"line":25,"column":58}},"14":{"start":{"line":29,"column":40},"end":{"line":29,"column":65}},"15":{"start":{"line":30,"column":48},"end":{"line":30,"column":68}},"16":{"start":{"line":31,"column":19},"end":{"line":31,"column":32}},"17":{"start":{"line":33,"column":29},"end":{"line":35,"column":3}},"18":{"start":{"line":34,"column":4},"end":{"line":34,"column":43}},"19":{"start":{"line":37,"column":2},"end":{"line":40,"column":32}},"20":{"start":{"line":38,"column":4},"end":{"line":38,"column":27}},"21":{"start":{"line":39,"column":4},"end":{"line":39,"column":22}},"22":{"start":{"line":42,"column":2},"end":{"line":44,"column":39}},"23":{"start":{"line":43,"column":4},"end":{"line":43,"column":35}},"24":{"start":{"line":46,"column":2},"end":{"line":48,"column":9}},"25":{"start":{"line":47,"column":4},"end":{"line":47,"column":20}},"26":{"start":{"line":50,"column":2},"end":{"line":90,"column":4}},"27":{"start":{"line":74,"column":18},"end":{"line":75,"column":null}},"28":{"start":{"line":93,"column":0},"end":{"line":93,"column":22}}},"fnMap":{"0":{"name":"(anonymous_1)","decl":{"start":{"line":17,"column":19},"end":{"line":17,"column":22}},"loc":{"start":{"line":17,"column":24},"end":{"line":91,"column":1}}},"1":{"name":"(anonymous_2)","decl":{"start":{"line":20,"column":24},"end":{"line":20,"column":29}},"loc":{"start":{"line":20,"column":35},"end":{"line":27,"column":3}}},"2":{"name":"(anonymous_3)","decl":{"start":{"line":33,"column":29},"end":{"line":33,"column":30}},"loc":{"start":{"line":33,"column":70},"end":{"line":35,"column":3}}},"3":{"name":"(anonymous_4)","decl":{"start":{"line":37,"column":12},"end":{"line":37,"column":15}},"loc":{"start":{"line":37,"column":17},"end":{"line":40,"column":3}}},"4":{"name":"(anonymous_5)","decl":{"start":{"line":42,"column":12},"end":{"line":42,"column":15}},"loc":{"start":{"line":42,"column":17},"end":{"line":44,"column":3}}},"5":{"name":"(anonymous_6)","decl":{"start":{"line":46,"column":12},"end":{"line":46,"column":15}},"loc":{"start":{"line":46,"column":17},"end":{"line":48,"column":3}}},"6":{"name":"(anonymous_7)","decl":{"start":{"line":73,"column":31},"end":{"line":73,"column":32}},"loc":{"start":{"line":74,"column":18},"end":{"line":75,"column":null}}}},"branchMap":{"0":{"loc":{"start":{"line":72,"column":15},"end":{"line":82,"column":null}},"type":"cond-expr","locations":[{"start":{"line":73,"column":16},"end":{"line":80,"column":18}},{"start":{"line":82,"column":16},"end":{"line":82,"column":44}}]},"1":{"loc":{"start":{"line":72,"column":15},"end":{"line":72,"column":50}},"type":"binary-expr","locations":[{"start":{"line":72,"column":15},"end":{"line":72,"column":25}},{"start":{"line":72,"column":29},"end":{"line":72,"column":50}}]}},"s":{"0":2,"1":2,"2":2,"3":2,"4":2,"5":2,"6":2,"7":2,"8":10,"9":9,"10":6,"11":6,"12":3,"13":3,"14":9,"15":9,"16":9,"17":9,"18":1,"19":9,"20":6,"21":6,"22":9,"23":7,"24":9,"25":6,"26":9,"27":2,"28":2},"f":{"0":10,"1":6,"2":1,"3":6,"4":7,"5":6,"6":2},"b":{"0":[1,8],"1":[9,1]}}
,"C:\\Users\\Michelle Yalaupari\\Documents\\github\\Bootcamp\\BOOTCAMPFRONTEND-REACT-NTT\\src\\utils\\components\\Pagination\\Pagination.tsx": {"path":"C:\\Users\\Michelle Yalaupari\\Documents\\github\\Bootcamp\\BOOTCAMPFRONTEND-REACT-NTT\\src\\utils\\components\\Pagination\\Pagination.tsx","statementMap":{"0":{"start":{"line":2,"column":0},"end":{"line":2,"column":110}},"1":{"start":{"line":4,"column":0},"end":{"line":4,"column":80}},"2":{"start":{"line":6,"column":0},"end":{"line":6,"column":25}},"3":{"start":{"line":8,"column":23},"end":{"line":51,"column":1}},"4":{"start":{"line":9,"column":38},"end":{"line":9,"column":67}},"5":{"start":{"line":10,"column":19},"end":{"line":10,"column":51}},"6":{"start":{"line":12,"column":25},"end":{"line":16,"column":3}},"7":{"start":{"line":13,"column":4},"end":{"line":15,"column":5}},"8":{"start":{"line":14,"column":6},"end":{"line":14,"column":91}},"9":{"start":{"line":18,"column":21},"end":{"line":22,"column":3}},"10":{"start":{"line":19,"column":4},"end":{"line":21,"column":5}},"11":{"start":{"line":20,"column":6},"end":{"line":20,"column":91}},"12":{"start":{"line":24,"column":26},"end":{"line":26,"column":3}},"13":{"start":{"line":25,"column":4},"end":{"line":25,"column":78}},"14":{"start":{"line":28,"column":2},"end":{"line":50,"column":4}},"15":{"start":{"line":35,"column":58},"end":{"line":35,"column":67}},"16":{"start":{"line":36,"column":10},"end":{"line":37,"column":null}},"17":{"start":{"line":39,"column":27},"end":{"line":39,"column":48}},"18":{"start":{"line":53,"column":0},"end":{"line":53,"column":26}}},"fnMap":{"0":{"name":"(anonymous_0)","decl":{"start":{"line":8,"column":23},"end":{"line":8,"column":26}},"loc":{"start":{"line":8,"column":28},"end":{"line":51,"column":1}}},"1":{"name":"(anonymous_1)","decl":{"start":{"line":12,"column":25},"end":{"line":12,"column":28}},"loc":{"start":{"line":12,"column":30},"end":{"line":16,"column":3}}},"2":{"name":"(anonymous_2)","decl":{"start":{"line":18,"column":21},"end":{"line":18,"column":24}},"loc":{"start":{"line":18,"column":26},"end":{"line":22,"column":3}}},"3":{"name":"(anonymous_3)","decl":{"start":{"line":24,"column":26},"end":{"line":24,"column":27}},"loc":{"start":{"line":24,"column":43},"end":{"line":26,"column":3}}},"4":{"name":"(anonymous_4)","decl":{"start":{"line":35,"column":44},"end":{"line":35,"column":45}},"loc":{"start":{"line":35,"column":58},"end":{"line":35,"column":67}}},"5":{"name":"(anonymous_5)","decl":{"start":{"line":35,"column":73},"end":{"line":35,"column":74}},"loc":{"start":{"line":36,"column":10},"end":{"line":37,"column":null}}},"6":{"name":"(anonymous_6)","decl":{"start":{"line":39,"column":21},"end":{"line":39,"column":24}},"loc":{"start":{"line":39,"column":27},"end":{"line":39,"column":48}}}},"branchMap":{"0":{"loc":{"start":{"line":13,"column":4},"end":{"line":15,"column":5}},"type":"if","locations":[{"start":{"line":13,"column":4},"end":{"line":15,"column":5}}]},"1":{"loc":{"start":{"line":19,"column":4},"end":{"line":21,"column":5}},"type":"if","locations":[{"start":{"line":19,"column":4},"end":{"line":21,"column":5}}]},"2":{"loc":{"start":{"line":38,"column":23},"end":{"line":38,"column":59}},"type":"cond-expr","locations":[{"start":{"line":38,"column":46},"end":{"line":38,"column":54}},{"start":{"line":38,"column":57},"end":{"line":38,"column":59}}]}},"s":{"0":4,"1":4,"2":4,"3":4,"4":26,"5":26,"6":26,"7":1,"8":1,"9":26,"10":1,"11":1,"12":26,"13":1,"14":26,"15":56,"16":56,"17":1,"18":4},"f":{"0":26,"1":1,"2":1,"3":1,"4":56,"5":56,"6":1},"b":{"0":[1],"1":[1],"2":[26,30]}}
,"C:\\Users\\Michelle Yalaupari\\Documents\\github\\Bootcamp\\BOOTCAMPFRONTEND-REACT-NTT\\src\\utils\\components\\ProductCard\\ProductCard.tsx": {"path":"C:\\Users\\Michelle Yalaupari\\Documents\\github\\Bootcamp\\BOOTCAMPFRONTEND-REACT-NTT\\src\\utils\\components\\ProductCard\\ProductCard.tsx","statementMap":{"0":{"start":{"line":4,"column":0},"end":{"line":4,"column":68}},"1":{"start":{"line":6,"column":0},"end":{"line":6,"column":92}},"2":{"start":{"line":8,"column":0},"end":{"line":8,"column":27}},"3":{"start":{"line":14,"column":38},"end":{"line":111,"column":1}},"4":{"start":{"line":15,"column":20},"end":{"line":15,"column":43}},"5":{"start":{"line":16,"column":19},"end":{"line":16,"column":45}},"6":{"start":{"line":18,"column":85},"end":{"line":18,"column":92}},"7":{"start":{"line":20,"column":19},"end":{"line":20,"column":55}},"8":{"start":{"line":20,"column":40},"end":{"line":20,"column":54}},"9":{"start":{"line":21,"column":25},"end":{"line":21,"column":48}},"10":{"start":{"line":23,"column":25},"end":{"line":23,"column":47}},"11":{"start":{"line":25,"column":26},"end":{"line":30,"column":3}},"12":{"start":{"line":26,"column":4},"end":{"line":29,"column":7}},"13":{"start":{"line":32,"column":31},"end":{"line":37,"column":3}},"14":{"start":{"line":33,"column":4},"end":{"line":36,"column":7}},"15":{"start":{"line":39,"column":19},"end":{"line":39,"column":37}},"16":{"start":{"line":41,"column":20},"end":{"line":41,"column":22}},"17":{"start":{"line":42,"column":19},"end":{"line":42,"column":21}},"18":{"start":{"line":44,"column":2},"end":{"line":55,"column":3}},"19":{"start":{"line":45,"column":4},"end":{"line":51,"column":5}},"20":{"start":{"line":46,"column":6},"end":{"line":46,"column":33}},"21":{"start":{"line":47,"column":6},"end":{"line":47,"column":31}},"22":{"start":{"line":49,"column":6},"end":{"line":49,"column":34}},"23":{"start":{"line":50,"column":6},"end":{"line":50,"column":30}},"24":{"start":{"line":53,"column":4},"end":{"line":53,"column":33}},"25":{"start":{"line":54,"column":4},"end":{"line":54,"column":23}},"26":{"start":{"line":57,"column":2},"end":{"line":110,"column":4}},"27":{"start":{"line":71,"column":39},"end":{"line":71,"column":56}},"28":{"start":{"line":113,"column":0},"end":{"line":113,"column":27}}},"fnMap":{"0":{"name":"(anonymous_0)","decl":{"start":{"line":14,"column":38},"end":{"line":14,"column":39}},"loc":{"start":{"line":14,"column":54},"end":{"line":111,"column":1}}},"1":{"name":"(anonymous_1)","decl":{"start":{"line":20,"column":30},"end":{"line":20,"column":31}},"loc":{"start":{"line":20,"column":40},"end":{"line":20,"column":54}}},"2":{"name":"(anonymous_2)","decl":{"start":{"line":25,"column":26},"end":{"line":25,"column":29}},"loc":{"start":{"line":25,"column":31},"end":{"line":30,"column":3}}},"3":{"name":"(anonymous_3)","decl":{"start":{"line":32,"column":31},"end":{"line":32,"column":34}},"loc":{"start":{"line":32,"column":36},"end":{"line":37,"column":3}}},"4":{"name":"(anonymous_4)","decl":{"start":{"line":71,"column":23},"end":{"line":71,"column":24}},"loc":{"start":{"line":71,"column":39},"end":{"line":71,"column":56}}}},"branchMap":{"0":{"loc":{"start":{"line":21,"column":25},"end":{"line":21,"column":48}},"type":"binary-expr","locations":[{"start":{"line":21,"column":25},"end":{"line":21,"column":43}},{"start":{"line":21,"column":47},"end":{"line":21,"column":48}}]},"1":{"loc":{"start":{"line":44,"column":2},"end":{"line":55,"column":3}},"type":"if","locations":[{"start":{"line":44,"column":2},"end":{"line":55,"column":3}},{"start":{"line":52,"column":9},"end":{"line":55,"column":3}}]},"2":{"loc":{"start":{"line":45,"column":4},"end":{"line":51,"column":5}},"type":"if","locations":[{"start":{"line":45,"column":4},"end":{"line":51,"column":5}},{"start":{"line":48,"column":11},"end":{"line":51,"column":5}}]},"3":{"loc":{"start":{"line":63,"column":17},"end":{"line":63,"column":78}},"type":"cond-expr","locations":[{"start":{"line":63,"column":47},"end":{"line":63,"column":56}},{"start":{"line":63,"column":59},"end":{"line":63,"column":78}}]},"4":{"loc":{"start":{"line":63,"column":17},"end":{"line":63,"column":44}},"type":"binary-expr","locations":[{"start":{"line":63,"column":17},"end":{"line":63,"column":23}},{"start":{"line":63,"column":27},"end":{"line":63,"column":44}}]},"5":{"loc":{"start":{"line":70,"column":13},"end":{"line":73,"column":null}},"type":"cond-expr","locations":[{"start":{"line":71,"column":14},"end":{"line":71,"column":85}},{"start":{"line":73,"column":14},"end":{"line":73,"column":58}}]},"6":{"loc":{"start":{"line":70,"column":13},"end":{"line":70,"column":59}},"type":"binary-expr","locations":[{"start":{"line":70,"column":13},"end":{"line":70,"column":17}},{"start":{"line":70,"column":21},"end":{"line":70,"column":40}},{"start":{"line":70,"column":44},"end":{"line":70,"column":59}}]},"7":{"loc":{"start":{"line":89,"column":15},"end":{"line":96,"column":null}},"type":"binary-expr","locations":[{"start":{"line":89,"column":15},"end":{"line":89,"column":23}},{"start":{"line":90,"column":16},"end":{"line":93,"column":null}}]}},"s":{"0":4,"1":4,"2":4,"3":4,"4":13,"5":13,"6":13,"7":13,"8":2,"9":13,"10":13,"11":13,"12":1,"13":13,"14":1,"15":13,"16":13,"17":13,"18":13,"19":2,"20":1,"21":1,"22":1,"23":1,"24":11,"25":11,"26":13,"27":24,"28":4},"f":{"0":13,"1":2,"2":1,"3":1,"4":24},"b":{"0":[13,11],"1":[2,11],"2":[1,1],"3":[12,1],"4":[13,13],"5":[12,1],"6":[13,13,13],"7":[13,2]}}
}
