TN:
SF:src\App.tsx
FN:10,(anonymous_1)
FNF:1
FNH:1
FNDA:1,(anonymous_1)
DA:2,1
DA:4,1
DA:6,1
DA:7,1
DA:8,1
DA:10,1
DA:11,1
DA:22,1
LF:8
LH:8
BRF:0
BRH:0
end_of_record
TN:
SF:src\app\routes.ts
FN:1,(anonymous_0)
FNF:1
FNH:1
FNDA:4,(anonymous_0)
DA:1,4
DA:2,4
DA:3,4
DA:4,4
LF:4
LH:4
BRDA:1,0,0,4
BRDA:1,0,1,4
BRF:2
BRH:2
end_of_record
TN:
SF:src\app\context\cart.tsx
FN:9,(anonymous_0)
FN:12,(anonymous_1)
FN:12,(anonymous_2)
FN:13,(anonymous_3)
FN:13,(anonymous_4)
FN:23,(anonymous_5)
FN:36,(anonymous_6)
FN:44,(anonymous_7)
FNF:8
FNH:8
FNDA:26,(anonymous_0)
FNDA:8,(anonymous_1)
FNDA:4,(anonymous_2)
FNDA:8,(anonymous_3)
FNDA:4,(anonymous_4)
FNDA:13,(anonymous_5)
FNDA:23,(anonymous_6)
FNDA:17,(anonymous_7)
DA:1,5
DA:3,5
DA:4,5
DA:6,5
DA:7,5
DA:9,5
DA:10,26
DA:12,26
DA:13,26
DA:15,26
DA:21,26
DA:23,26
DA:24,13
DA:27,26
DA:36,5
DA:37,23
DA:38,22
DA:39,4
DA:41,18
DA:44,5
DA:45,17
DA:46,16
DA:47,4
DA:49,12
DA:52,5
LF:25
LH:25
BRDA:38,0,0,4
BRDA:46,1,0,4
BRF:2
BRH:2
end_of_record
TN:
SF:src\app\context\client.tsx
FN:8,(anonymous_0)
FN:20,(anonymous_1)
FN:28,(anonymous_2)
FNF:3
FNH:3
FNDA:6,(anonymous_0)
FNDA:8,(anonymous_1)
FNDA:6,(anonymous_2)
DA:1,4
DA:3,4
DA:5,4
DA:6,4
DA:8,4
DA:9,6
DA:11,6
DA:20,4
DA:21,8
DA:22,7
DA:23,4
DA:25,3
DA:28,4
DA:29,6
DA:30,5
DA:31,4
DA:33,1
DA:36,4
LF:18
LH:18
BRDA:22,0,0,4
BRDA:30,1,0,4
BRF:2
BRH:2
end_of_record
TN:
SF:src\app\context\pagination.tsx
FN:9,(anonymous_0)
FN:21,(anonymous_1)
FN:29,(anonymous_2)
FNF:3
FNH:3
FNDA:24,(anonymous_0)
FNDA:44,(anonymous_1)
FNDA:44,(anonymous_2)
DA:1,5
DA:4,5
DA:6,5
DA:7,5
DA:9,5
DA:10,24
DA:12,24
DA:21,5
DA:22,44
DA:23,43
DA:24,4
DA:26,39
DA:29,5
DA:30,44
DA:31,43
DA:32,4
DA:34,39
DA:37,5
LF:18
LH:18
BRDA:23,0,0,4
BRDA:31,1,0,4
BRF:2
BRH:2
end_of_record
TN:
SF:src\app\context\search.tsx
FN:11,(anonymous_0)
FN:14,(anonymous_1)
FN:25,(anonymous_2)
FN:33,(anonymous_3)
FNF:4
FNH:4
FNDA:12,(anonymous_0)
FNDA:1,(anonymous_1)
FNDA:30,(anonymous_2)
FNDA:7,(anonymous_3)
DA:1,5
DA:8,5
DA:9,5
DA:11,5
DA:12,12
DA:14,12
DA:16,12
DA:25,5
DA:26,30
DA:27,28
DA:28,4
DA:30,24
DA:33,5
DA:34,7
DA:35,6
DA:36,4
DA:38,2
DA:41,5
LF:18
LH:18
BRDA:27,0,0,4
BRDA:35,1,0,4
BRF:2
BRH:2
end_of_record
TN:
SF:src\app\domain\types\app-cart.ts
FN:6,(anonymous_0)
FNF:1
FNH:1
FNDA:9,(anonymous_0)
DA:6,9
DA:7,9
DA:8,9
DA:9,9
DA:10,9
LF:5
LH:5
BRDA:6,0,0,9
BRDA:6,0,1,9
BRF:2
BRH:2
end_of_record
TN:
SF:src\app\domain\types\app-client.ts
FN:6,(anonymous_0)
FNF:1
FNH:1
FNDA:5,(anonymous_0)
DA:6,5
DA:7,5
DA:8,5
DA:9,5
LF:4
LH:4
BRDA:6,0,0,5
BRDA:6,0,1,5
BRF:2
BRH:2
end_of_record
TN:
SF:src\app\domain\types\app-pagination.ts
FN:6,(anonymous_0)
FNF:1
FNH:1
FNDA:7,(anonymous_0)
DA:6,7
DA:7,7
DA:8,7
DA:9,7
LF:4
LH:4
BRDA:6,0,0,7
BRDA:6,0,1,7
BRF:2
BRH:2
end_of_record
TN:
SF:src\app\hooks\useDistricts.ts
FN:7,(anonymous_0)
FN:10,(anonymous_1)
FN:11,(anonymous_2)
FNF:3
FNH:3
FNDA:6,(anonymous_0)
FNDA:3,(anonymous_1)
FNDA:3,(anonymous_2)
DA:1,2
DA:7,2
DA:8,6
DA:10,6
DA:11,3
DA:12,3
DA:13,3
DA:14,2
DA:15,1
DA:17,1
DA:18,1
DA:20,2
DA:21,2
DA:26,3
DA:29,6
LF:15
LH:15
BRDA:14,0,0,1
BRDA:20,1,0,2
BRF:2
BRH:2
end_of_record
TN:
SF:src\app\hooks\useGeneratorId.ts
FN:3,(anonymous_0)
FN:4,(anonymous_1)
FNF:2
FNH:2
FNDA:1,(anonymous_0)
FNDA:2,(anonymous_1)
DA:1,2
DA:3,2
DA:4,1
DA:5,2
DA:6,2
DA:7,2
DA:10,1
LF:7
LH:7
BRF:0
BRH:0
end_of_record
TN:
SF:src\app\hooks\useLocalStorage.ts
FN:3,(anonymous_0)
FN:4,(anonymous_1)
FN:9,(anonymous_2)
FNF:3
FNH:3
FNDA:37,(anonymous_0)
FNDA:17,(anonymous_1)
FNDA:35,(anonymous_2)
DA:1,7
DA:3,7
DA:4,37
DA:5,17
DA:6,17
DA:9,37
DA:10,35
DA:13,37
LF:8
LH:8
BRDA:6,0,0,6
BRDA:6,0,1,11
BRF:2
BRH:2
end_of_record
TN:
SF:src\app\hooks\useValidation.ts
FN:1,(anonymous_0)
FN:3,(anonymous_1)
FN:8,(anonymous_2)
FN:13,(anonymous_3)
FNF:4
FNH:4
FNDA:42,(anonymous_0)
FNDA:14,(anonymous_1)
FNDA:32,(anonymous_2)
FNDA:15,(anonymous_3)
DA:1,3
DA:3,42
DA:4,14
DA:5,14
DA:8,42
DA:9,32
DA:10,32
DA:13,42
DA:14,15
DA:15,15
DA:18,42
LF:11
LH:11
BRF:0
BRH:0
end_of_record
TN:
SF:src\app\mappers\ListProducts.ts
FN:3,(anonymous_0)
FN:4,(anonymous_1)
FNF:2
FNH:2
FNDA:4,(anonymous_0)
FNDA:8,(anonymous_1)
DA:3,2
DA:4,8
LF:2
LH:2
BRF:0
BRH:0
end_of_record
TN:
SF:src\app\mappers\ListProductsClient.ts
FN:4,(anonymous_0)
FN:5,(anonymous_1)
FNF:2
FNH:2
FNDA:3,(anonymous_0)
FNDA:2,(anonymous_1)
DA:4,2
DA:5,3
LF:2
LH:2
BRF:0
BRH:0
end_of_record
TN:
SF:src\app\pages\Cart\Cart.tsx
FN:15,(anonymous_1)
FN:21,(anonymous_2)
FN:25,(anonymous_3)
FNF:3
FNH:3
FNDA:2,(anonymous_1)
FNDA:1,(anonymous_2)
FNDA:1,(anonymous_3)
DA:1,2
DA:3,2
DA:5,2
DA:8,2
DA:10,2
DA:11,2
DA:13,2
DA:15,2
DA:16,2
DA:17,2
DA:19,2
DA:21,2
DA:22,1
DA:25,2
DA:26,1
DA:29,2
DA:39,2
LF:17
LH:17
BRF:0
BRH:0
end_of_record
TN:
SF:src\app\pages\Category\Category.tsx
FN:17,(anonymous_1)
FN:26,(anonymous_2)
FN:32,(anonymous_3)
FN:36,(anonymous_4)
FN:45,(anonymous_5)
FNF:5
FNH:5
FNDA:9,(anonymous_1)
FNDA:3,(anonymous_2)
FNDA:3,(anonymous_3)
FNDA:3,(anonymous_4)
FNDA:2,(anonymous_5)
DA:1,2
DA:2,2
DA:5,2
DA:7,2
DA:9,2
DA:10,2
DA:12,2
DA:13,2
DA:15,2
DA:17,2
DA:18,9
DA:20,8
DA:21,8
DA:22,8
DA:24,8
DA:26,8
DA:27,3
DA:28,3
DA:29,3
DA:32,8
DA:33,3
DA:36,8
DA:37,3
DA:40,8
DA:46,2
DA:60,2
LF:26
LH:26
BRDA:43,0,0,2
BRDA:43,0,1,6
BRDA:44,1,0,1
BRDA:44,1,1,1
BRF:4
BRH:4
end_of_record
TN:
SF:src\app\pages\Init\Init.tsx
FN:16,(anonymous_1)
FN:23,(anonymous_2)
FN:29,(anonymous_3)
FN:33,(anonymous_4)
FN:42,(anonymous_5)
FNF:5
FNH:5
FNDA:12,(anonymous_1)
FNDA:4,(anonymous_2)
FNDA:4,(anonymous_3)
FNDA:4,(anonymous_4)
FNDA:4,(anonymous_5)
DA:1,2
DA:4,2
DA:6,2
DA:8,2
DA:9,2
DA:11,2
DA:12,2
DA:14,2
DA:16,2
DA:17,12
DA:18,11
DA:19,11
DA:21,11
DA:23,11
DA:24,4
DA:25,4
DA:26,4
DA:29,11
DA:30,4
DA:33,11
DA:34,4
DA:37,11
DA:43,4
DA:57,2
LF:24
LH:24
BRDA:40,0,0,3
BRDA:40,0,1,8
BRDA:41,1,0,2
BRDA:41,1,1,1
BRF:4
BRH:4
end_of_record
TN:
SF:src\app\proxy\categories-request.ts
FN:5,(anonymous_0)
FNF:1
FNH:1
FNDA:6,(anonymous_0)
DA:3,2
DA:5,2
DA:6,6
DA:7,6
DA:9,2
DA:10,1
DA:13,1
DA:14,1
DA:16,5
DA:17,4
DA:19,1
DA:24,2
LF:12
LH:12
BRDA:9,0,0,1
BRDA:16,1,0,4
BRF:2
BRH:2
end_of_record
TN:
SF:src\app\proxy\products-request.ts
FN:13,(anonymous_0)
FN:33,(anonymous_1)
FNF:2
FNH:2
FNDA:6,(anonymous_0)
FNDA:2,(anonymous_1)
DA:2,2
DA:4,2
DA:6,2
DA:13,2
DA:18,6
DA:19,6
DA:23,6
DA:25,5
DA:26,1
DA:29,4
DA:30,4
DA:32,4
DA:34,2
DA:38,4
DA:39,4
DA:41,4
DA:42,4
DA:44,4
DA:49,2
DA:50,1
DA:52,1
DA:56,2
LF:22
LH:22
BRDA:14,0,0,3
BRDA:15,1,0,4
BRDA:16,2,0,5
BRDA:19,3,0,1
BRDA:19,3,1,5
BRDA:25,4,0,1
BRDA:32,5,0,1
BRDA:32,5,1,3
BRDA:49,6,0,1
BRDA:49,7,0,2
BRDA:49,7,1,2
BRF:11
BRH:11
end_of_record
TN:
SF:src\app\reducer\cart.tsx
FN:18,(anonymous_0)
FN:19,(anonymous_1)
FN:22,(anonymous_2)
FN:22,(anonymous_3)
FN:24,(anonymous_4)
FN:24,(anonymous_5)
FN:26,(anonymous_6)
FN:33,(anonymous_7)
FN:36,(anonymous_8)
FN:56,(anonymous_9)
FN:57,(anonymous_10)
FN:63,(anonymous_11)
FN:67,(anonymous_12)
FN:76,(anonymous_13)
FN:77,(anonymous_14)
FN:81,(anonymous_15)
FN:86,(anonymous_16)
FN:87,(anonymous_17)
FN:96,(anonymous_18)
FN:101,(anonymous_19)
FN:102,(anonymous_20)
FNF:21
FNH:21
FNDA:1,(anonymous_0)
FNDA:1,(anonymous_1)
FNDA:4,(anonymous_2)
FNDA:5,(anonymous_3)
FNDA:4,(anonymous_4)
FNDA:5,(anonymous_5)
FNDA:9,(anonymous_6)
FNDA:2,(anonymous_7)
FNDA:3,(anonymous_8)
FNDA:1,(anonymous_9)
FNDA:1,(anonymous_10)
FNDA:2,(anonymous_11)
FNDA:2,(anonymous_12)
FNDA:1,(anonymous_13)
FNDA:1,(anonymous_14)
FNDA:1,(anonymous_15)
FNDA:1,(anonymous_16)
FNDA:1,(anonymous_17)
FNDA:2,(anonymous_18)
FNDA:1,(anonymous_19)
FNDA:1,(anonymous_20)
DA:3,6
DA:16,6
DA:18,1
DA:19,1
DA:22,6
DA:24,6
DA:26,6
DA:30,9
DA:32,3
DA:33,3
DA:35,3
DA:37,3
DA:53,3
DA:56,1
DA:57,1
DA:62,3
DA:63,3
DA:65,3
DA:66,2
DA:67,1
DA:68,2
DA:73,1
DA:76,1
DA:77,1
DA:81,1
DA:83,1
DA:86,1
DA:87,1
DA:91,1
DA:96,2
DA:98,1
DA:101,1
DA:102,1
DA:106,1
DA:112,1
LF:35
LH:35
BRDA:30,0,0,3
BRDA:30,0,1,3
BRDA:30,0,2,1
BRDA:30,0,3,1
BRDA:30,0,4,1
BRDA:35,1,0,2
BRDA:35,1,1,1
BRDA:37,2,0,2
BRDA:37,2,1,1
BRDA:65,3,0,2
BRDA:66,4,0,1
BRDA:68,5,0,1
BRDA:68,5,1,1
BRF:13
BRH:13
end_of_record
TN:
SF:src\app\reducer\client.tsx
FN:19,(anonymous_0)
FNF:1
FNH:1
FNDA:5,(anonymous_0)
DA:2,5
DA:14,5
DA:19,5
DA:23,5
DA:25,2
DA:30,1
DA:35,1
DA:40,1
LF:8
LH:8
BRDA:23,0,0,2
BRDA:23,0,1,1
BRDA:23,0,2,1
BRDA:23,0,3,1
BRF:4
BRH:4
end_of_record
TN:
SF:src\app\reducer\pagination.tsx
FN:19,(anonymous_0)
FNF:1
FNH:1
FNDA:17,(anonymous_0)
DA:2,6
DA:12,6
DA:19,6
DA:23,17
DA:25,2
DA:33,6
DA:41,8
DA:49,1
LF:8
LH:8
BRDA:23,0,0,2
BRDA:23,0,1,6
BRDA:23,0,2,8
BRDA:23,0,3,1
BRF:4
BRH:4
end_of_record
TN:
SF:src\utils\Layout\MainLayout\MainLayout.tsx
FN:16,(anonymous_1)
FNF:1
FNH:1
FNDA:2,(anonymous_1)
DA:3,1
DA:4,1
DA:5,1
DA:6,1
DA:8,1
DA:9,1
DA:10,1
DA:12,1
DA:16,1
DA:17,2
DA:35,1
LF:11
LH:11
BRF:0
BRH:0
end_of_record
TN:
SF:src\utils\components\CartButton\CartButton.tsx
FN:12,(anonymous_1)
FNF:1
FNH:1
FNDA:6,(anonymous_1)
DA:2,2
DA:4,2
DA:6,2
DA:8,2
DA:10,2
DA:12,2
DA:13,6
DA:15,6
DA:17,6
DA:25,2
LF:10
LH:10
BRDA:15,0,0,6
BRDA:15,0,1,6
BRDA:20,1,0,6
BRDA:20,1,1,1
BRF:4
BRH:4
end_of_record
TN:
SF:src\utils\components\CartForm\CartForm.tsx
FN:22,(anonymous_1)
FN:63,(anonymous_2)
FN:82,(anonymous_3)
FN:97,(anonymous_4)
FN:122,(anonymous_5)
FN:140,(anonymous_6)
FN:158,(anonymous_7)
FN:230,(anonymous_8)
FNF:8
FNH:8
FNDA:39,(anonymous_1)
FNDA:12,(anonymous_2)
FNDA:21,(anonymous_3)
FNDA:3,(anonymous_4)
FNDA:9,(anonymous_5)
FNDA:1,(anonymous_6)
FNDA:19,(anonymous_7)
FNDA:78,(anonymous_8)
DA:1,2
DA:2,2
DA:5,2
DA:7,2
DA:8,2
DA:10,2
DA:12,2
DA:14,2
DA:16,2
DA:22,2
DA:23,39
DA:25,39
DA:27,39
DA:28,39
DA:30,39
DA:32,39
DA:34,39
DA:47,39
DA:58,39
DA:59,39
DA:60,39
DA:61,39
DA:63,39
DA:66,12
DA:67,12
DA:69,12
DA:74,12
DA:75,12
DA:82,39
DA:83,21
DA:85,21
DA:86,21
DA:87,21
DA:88,21
DA:89,21
DA:90,21
DA:91,21
DA:92,21
DA:94,21
DA:97,39
DA:98,3
DA:100,3
DA:102,3
DA:103,1
DA:104,1
DA:107,2
DA:109,2
DA:120,2
DA:122,9
DA:124,2
DA:125,1
DA:128,1
DA:134,1
DA:136,1
DA:137,1
DA:140,39
DA:141,1
DA:142,1
DA:143,1
DA:153,1
DA:154,1
DA:155,1
DA:158,39
DA:159,19
DA:162,39
DA:231,78
DA:294,2
LF:67
LH:67
BRDA:74,0,0,12
BRDA:85,1,0,7
BRDA:85,1,1,14
BRDA:85,2,0,4
BRDA:85,2,1,10
BRDA:86,3,0,9
BRDA:86,3,1,12
BRDA:86,4,0,3
BRDA:86,4,1,9
BRDA:87,5,0,12
BRDA:87,5,1,9
BRDA:87,6,0,1
BRDA:87,6,1,8
BRDA:88,7,0,16
BRDA:88,7,1,5
BRDA:89,8,0,17
BRDA:89,8,1,4
BRDA:90,9,0,18
BRDA:90,9,1,3
BRDA:91,10,0,12
BRDA:91,10,1,9
BRDA:91,11,0,2
BRDA:91,11,1,7
BRDA:92,12,0,15
BRDA:92,12,1,6
BRDA:102,13,0,1
BRDA:124,14,0,1
BRDA:166,15,0,39
BRDA:166,15,1,1
BRDA:179,16,0,39
BRDA:179,16,1,28
BRDA:179,16,2,11
BRDA:192,17,0,39
BRDA:192,17,1,24
BRDA:192,17,2,9
BRDA:205,18,0,39
BRDA:205,18,1,18
BRDA:205,18,2,5
BRDA:218,19,0,39
BRDA:218,19,1,12
BRDA:218,19,2,3
BRDA:237,20,0,39
BRDA:237,20,1,10
BRDA:237,20,2,3
BRDA:250,21,0,39
BRDA:250,21,1,8
BRDA:250,21,2,3
BRDA:263,22,0,39
BRDA:263,22,1,6
BRDA:263,22,2,3
BRDA:276,23,0,39
BRDA:276,23,1,18
BRDA:276,23,2,7
BRDA:281,24,0,39
BRDA:281,24,1,2
BRF:55
BRH:55
end_of_record
TN:
SF:src\utils\components\CartTable\CartTable.tsx
FN:12,(anonymous_1)
FN:16,(anonymous_2)
FN:23,(anonymous_3)
FN:30,(anonymous_4)
FN:37,(anonymous_5)
FN:52,(anonymous_6)
FN:61,(anonymous_7)
FN:68,(anonymous_8)
FN:83,(anonymous_9)
FNF:9
FNH:9
FNDA:5,(anonymous_1)
FNDA:1,(anonymous_2)
FNDA:1,(anonymous_3)
FNDA:1,(anonymous_4)
FNDA:8,(anonymous_5)
FNDA:8,(anonymous_6)
FNDA:1,(anonymous_7)
FNDA:1,(anonymous_8)
FNDA:1,(anonymous_9)
DA:4,2
DA:6,2
DA:8,2
DA:10,2
DA:12,2
DA:13,5
DA:14,5
DA:16,5
DA:17,1
DA:23,5
DA:24,1
DA:30,5
DA:31,1
DA:37,8
DA:39,5
DA:53,8
DA:61,1
DA:68,1
DA:83,1
DA:111,2
LF:20
LH:20
BRDA:40,0,0,4
BRDA:40,0,1,1
BRF:2
BRH:2
end_of_record
TN:
SF:src\utils\components\Footer\Footer.tsx
FN:6,(anonymous_1)
FNF:1
FNH:1
FNDA:3,(anonymous_1)
DA:2,2
DA:3,2
DA:4,2
DA:6,2
DA:7,3
DA:25,2
LF:6
LH:6
BRF:0
BRH:0
end_of_record
TN:
SF:src\utils\components\Header\Header.tsx
FN:17,(anonymous_1)
FN:20,(anonymous_2)
FN:33,(anonymous_3)
FN:37,(anonymous_4)
FN:42,(anonymous_5)
FN:46,(anonymous_6)
FN:73,(anonymous_7)
FNF:7
FNH:7
FNDA:10,(anonymous_1)
FNDA:6,(anonymous_2)
FNDA:1,(anonymous_3)
FNDA:6,(anonymous_4)
FNDA:7,(anonymous_5)
FNDA:6,(anonymous_6)
FNDA:2,(anonymous_7)
DA:1,2
DA:3,2
DA:5,2
DA:9,2
DA:11,2
DA:13,2
DA:15,2
DA:17,2
DA:18,10
DA:20,9
DA:21,6
DA:22,6
DA:23,3
DA:25,3
DA:29,9
DA:30,9
DA:31,9
DA:33,9
DA:34,1
DA:37,9
DA:38,6
DA:39,6
DA:42,9
DA:43,7
DA:46,9
DA:47,6
DA:50,9
DA:74,2
DA:93,2
LF:29
LH:29
BRDA:72,0,0,1
BRDA:72,0,1,8
BRDA:72,1,0,9
BRDA:72,1,1,1
BRF:4
BRH:4
end_of_record
TN:
SF:src\utils\components\Pagination\Pagination.tsx
FN:8,(anonymous_0)
FN:12,(anonymous_1)
FN:18,(anonymous_2)
FN:24,(anonymous_3)
FN:35,(anonymous_4)
FN:35,(anonymous_5)
FN:39,(anonymous_6)
FNF:7
FNH:7
FNDA:26,(anonymous_0)
FNDA:1,(anonymous_1)
FNDA:1,(anonymous_2)
FNDA:1,(anonymous_3)
FNDA:56,(anonymous_4)
FNDA:56,(anonymous_5)
FNDA:1,(anonymous_6)
DA:2,4
DA:4,4
DA:6,4
DA:8,4
DA:9,26
DA:10,26
DA:12,26
DA:13,1
DA:14,1
DA:18,26
DA:19,1
DA:20,1
DA:24,26
DA:25,1
DA:28,26
DA:35,56
DA:36,56
DA:39,1
DA:53,4
LF:19
LH:19
BRDA:13,0,0,1
BRDA:19,1,0,1
BRDA:38,2,0,26
BRDA:38,2,1,30
BRF:4
BRH:4
end_of_record
TN:
SF:src\utils\components\ProductCard\ProductCard.tsx
FN:14,(anonymous_0)
FN:20,(anonymous_1)
FN:25,(anonymous_2)
FN:32,(anonymous_3)
FN:71,(anonymous_4)
FNF:5
FNH:5
FNDA:13,(anonymous_0)
FNDA:2,(anonymous_1)
FNDA:1,(anonymous_2)
FNDA:1,(anonymous_3)
FNDA:24,(anonymous_4)
DA:4,4
DA:6,4
DA:8,4
DA:14,4
DA:15,13
DA:16,13
DA:18,13
DA:20,13
DA:21,13
DA:23,13
DA:25,13
DA:26,1
DA:32,13
DA:33,1
DA:39,13
DA:41,13
DA:42,13
DA:44,13
DA:45,2
DA:46,1
DA:47,1
DA:49,1
DA:50,1
DA:53,11
DA:54,11
DA:57,13
DA:71,24
DA:113,4
LF:28
LH:28
BRDA:21,0,0,13
BRDA:21,0,1,11
BRDA:44,1,0,2
BRDA:44,1,1,11
BRDA:45,2,0,1
BRDA:45,2,1,1
BRDA:63,3,0,12
BRDA:63,3,1,1
BRDA:63,4,0,13
BRDA:63,4,1,13
BRDA:70,5,0,12
BRDA:70,5,1,1
BRDA:70,6,0,13
BRDA:70,6,1,13
BRDA:70,6,2,13
BRDA:89,7,0,13
BRDA:89,7,1,2
BRF:17
BRH:17
end_of_record
