TN:
SF:src\app\mappers\ListProducts.ts
FN:3,(anonymous_0)
FN:4,(anonymous_1)
FNF:2
FNH:2
FNDA:4,(anonymous_0)
FNDA:8,(anonymous_1)
DA:3,1
DA:4,8
LF:2
LH:2
BRF:0
BRH:0
end_of_record
TN:
SF:src\app\proxy\categories-request.ts
FN:5,(anonymous_0)
FNF:1
FNH:1
FNDA:4,(anonymous_0)
DA:3,1
DA:5,1
DA:6,4
DA:7,4
DA:9,2
DA:10,1
DA:13,1
DA:14,1
DA:16,3
DA:17,2
DA:19,1
DA:24,1
LF:12
LH:12
BRDA:9,0,0,1
BRDA:16,1,0,2
BRF:2
BRH:2
end_of_record
TN:
SF:src\app\proxy\products-request.ts
FN:13,(anonymous_0)
FN:33,(anonymous_1)
FNF:2
FNH:2
FNDA:6,(anonymous_0)
FNDA:2,(anonymous_1)
DA:2,1
DA:4,1
DA:6,1
DA:13,1
DA:18,6
DA:19,6
DA:23,6
DA:25,5
DA:26,1
DA:29,4
DA:30,4
DA:32,4
DA:34,2
DA:38,4
DA:39,4
DA:41,4
DA:42,4
DA:44,4
DA:49,2
DA:50,1
DA:52,1
DA:56,1
LF:22
LH:22
BRDA:14,0,0,3
BRDA:15,1,0,4
BRDA:16,2,0,5
BRDA:19,3,0,1
BRDA:19,3,1,5
BRDA:25,4,0,1
BRDA:32,5,0,1
BRDA:32,5,1,3
BRDA:49,6,0,1
BRDA:49,7,0,2
BRDA:49,7,1,2
BRF:11
BRH:11
end_of_record
